2025-08-23 12:40:00,974 - INFO - [31m[1mWARNING: This is a development server. Do not use it in a production deployment. Use a production WSGI server instead.[0m
 * Running on all addresses (0.0.0.0)
 * Running on http://127.0.0.1:5000
 * Running on http://192.168.2.63:5000
2025-08-23 12:40:00,975 - INFO - [33mPress CTRL+C to quit[0m
2025-08-23 12:40:00,982 - INFO -  * Restarting with stat
2025-08-23 12:40:05,548 - WARNING -  * Debugger is active!
2025-08-23 12:40:05,558 - INFO -  * Debugger PIN: 996-534-931
2025-08-23 12:40:59,652 - INFO - [31m[1mWARNING: This is a development server. Do not use it in a production deployment. Use a production WSGI server instead.[0m
 * Running on all addresses (0.0.0.0)
 * Running on http://127.0.0.1:5000
 * Running on http://192.168.2.63:5000
2025-08-23 12:40:59,654 - INFO - [33mPress CTRL+C to quit[0m
2025-08-23 12:40:59,662 - INFO -  * Restarting with stat
2025-08-23 12:41:03,880 - WARNING -  * Debugger is active!
2025-08-23 12:41:03,891 - INFO -  * Debugger PIN: 996-534-931
2025-08-23 12:41:42,791 - INFO - [31m[1mWARNING: This is a development server. Do not use it in a production deployment. Use a production WSGI server instead.[0m
 * Running on all addresses (0.0.0.0)
 * Running on http://127.0.0.1:5000
 * Running on http://192.168.2.63:5000
2025-08-23 12:41:42,791 - INFO - [33mPress CTRL+C to quit[0m
2025-08-23 12:41:42,794 - INFO -  * Restarting with stat
2025-08-23 12:41:46,946 - WARNING -  * Debugger is active!
2025-08-23 12:41:46,954 - INFO -  * Debugger PIN: 996-534-931
2025-08-23 12:42:08,316 - INFO - [31m[1mWARNING: This is a development server. Do not use it in a production deployment. Use a production WSGI server instead.[0m
 * Running on all addresses (0.0.0.0)
 * Running on http://127.0.0.1:5000
 * Running on http://192.168.2.63:5000
2025-08-23 12:42:08,317 - INFO - [33mPress CTRL+C to quit[0m
2025-08-23 12:42:08,327 - INFO -  * Restarting with stat
2025-08-23 12:42:12,273 - WARNING -  * Debugger is active!
2025-08-23 12:42:12,282 - INFO -  * Debugger PIN: 996-534-931
2025-08-23 12:42:51,705 - INFO - [31m[1mWARNING: This is a development server. Do not use it in a production deployment. Use a production WSGI server instead.[0m
 * Running on all addresses (0.0.0.0)
 * Running on http://127.0.0.1:5000
 * Running on http://192.168.2.63:5000
2025-08-23 12:42:51,706 - INFO - [33mPress CTRL+C to quit[0m
2025-08-23 12:42:51,713 - INFO -  * Restarting with stat
2025-08-23 12:42:55,895 - WARNING -  * Debugger is active!
2025-08-23 12:42:55,904 - INFO -  * Debugger PIN: 996-534-931
2025-08-23 12:43:17,400 - INFO - [31m[1mWARNING: This is a development server. Do not use it in a production deployment. Use a production WSGI server instead.[0m
 * Running on all addresses (0.0.0.0)
 * Running on http://127.0.0.1:5000
 * Running on http://192.168.2.63:5000
2025-08-23 12:43:17,401 - INFO - [33mPress CTRL+C to quit[0m
2025-08-23 12:43:17,405 - INFO -  * Restarting with stat
2025-08-23 12:43:21,260 - WARNING -  * Debugger is active!
2025-08-23 12:43:21,270 - INFO -  * Debugger PIN: 996-534-931
2025-08-23 12:43:40,084 - INFO - 127.0.0.1 - - [23/Aug/2025 12:43:40] "GET / HTTP/1.1" 200 -
2025-08-23 12:43:41,782 - INFO - 127.0.0.1 - - [23/Aug/2025 12:43:41] "[33mGET /favicon.ico HTTP/1.1[0m" 404 -
2025-08-23 12:58:03,123 - INFO - [31m[1mWARNING: This is a development server. Do not use it in a production deployment. Use a production WSGI server instead.[0m
 * Running on all addresses (0.0.0.0)
 * Running on http://127.0.0.1:5000
 * Running on http://192.168.2.63:5000
2025-08-23 12:58:03,124 - INFO - [33mPress CTRL+C to quit[0m
2025-08-23 12:58:03,129 - INFO -  * Restarting with stat
2025-08-23 12:58:07,386 - WARNING -  * Debugger is active!
2025-08-23 12:58:07,394 - INFO -  * Debugger PIN: 996-534-931
2025-08-23 12:58:19,317 - INFO - 127.0.0.1 - - [23/Aug/2025 12:58:19] "GET / HTTP/1.1" 200 -
2025-08-23 12:58:25,004 - INFO - 127.0.0.1 - - [23/Aug/2025 12:58:25] "GET / HTTP/1.1" 200 -
2025-08-23 12:58:30,031 - INFO - 127.0.0.1 - - [23/Aug/2025 12:58:30] "GET /test HTTP/1.1" 200 -
2025-08-23 12:58:56,326 - INFO -  * Detected change in 'C:\\Users\\user\\Desktop\\Projects\\Linked-in\\src\\main.py', reloading
2025-08-23 12:58:56,647 - INFO -  * Restarting with stat
2025-08-23 12:59:00,594 - WARNING -  * Debugger is active!
2025-08-23 12:59:00,603 - INFO -  * Debugger PIN: 996-534-931
2025-08-23 12:59:19,986 - INFO - [31m[1mWARNING: This is a development server. Do not use it in a production deployment. Use a production WSGI server instead.[0m
 * Running on all addresses (0.0.0.0)
 * Running on http://127.0.0.1:5000
 * Running on http://192.168.2.63:5000
2025-08-23 12:59:19,987 - INFO - [33mPress CTRL+C to quit[0m
2025-08-23 12:59:19,992 - INFO -  * Restarting with stat
2025-08-23 12:59:23,862 - WARNING -  * Debugger is active!
2025-08-23 12:59:23,871 - INFO -  * Debugger PIN: 996-534-931
2025-08-23 12:59:30,809 - INFO - 127.0.0.1 - - [23/Aug/2025 12:59:30] "GET /test HTTP/1.1" 200 -
2025-08-23 12:59:47,888 - INFO - Starting job scraping...
2025-08-23 12:59:47,891 - INFO - Scraping jobs for 'software engineer' in 'Remote'
2025-08-23 12:59:47,893 - ERROR - Error scraping jobs for 'software engineer' in 'Remote': 'ZIPRECRUITER'
2025-08-23 12:59:47,894 - INFO - Scraping jobs for 'software engineer' in 'San Francisco, CA'
2025-08-23 12:59:47,895 - ERROR - Error scraping jobs for 'software engineer' in 'San Francisco, CA': 'ZIPRECRUITER'
2025-08-23 12:59:47,896 - INFO - Scraping jobs for 'software engineer' in 'New York, NY'
2025-08-23 12:59:47,897 - ERROR - Error scraping jobs for 'software engineer' in 'New York, NY': 'ZIPRECRUITER'
2025-08-23 12:59:47,898 - INFO - Scraping jobs for 'software engineer' in 'Seattle, WA'
2025-08-23 12:59:47,898 - ERROR - Error scraping jobs for 'software engineer' in 'Seattle, WA': 'ZIPRECRUITER'
2025-08-23 12:59:47,900 - INFO - Scraping jobs for 'software engineer' in 'Austin, TX'
2025-08-23 12:59:47,901 - ERROR - Error scraping jobs for 'software engineer' in 'Austin, TX': 'ZIPRECRUITER'
2025-08-23 12:59:47,901 - INFO - Scraping jobs for 'python developer' in 'Remote'
2025-08-23 12:59:47,902 - ERROR - Error scraping jobs for 'python developer' in 'Remote': 'ZIPRECRUITER'
2025-08-23 12:59:47,903 - INFO - Scraping jobs for 'python developer' in 'San Francisco, CA'
2025-08-23 12:59:47,904 - ERROR - Error scraping jobs for 'python developer' in 'San Francisco, CA': 'ZIPRECRUITER'
2025-08-23 12:59:47,905 - INFO - Scraping jobs for 'python developer' in 'New York, NY'
2025-08-23 12:59:47,905 - ERROR - Error scraping jobs for 'python developer' in 'New York, NY': 'ZIPRECRUITER'
2025-08-23 12:59:47,906 - INFO - Scraping jobs for 'python developer' in 'Seattle, WA'
2025-08-23 12:59:47,907 - ERROR - Error scraping jobs for 'python developer' in 'Seattle, WA': 'ZIPRECRUITER'
2025-08-23 12:59:47,908 - INFO - Scraping jobs for 'python developer' in 'Austin, TX'
2025-08-23 12:59:47,910 - ERROR - Error scraping jobs for 'python developer' in 'Austin, TX': 'ZIPRECRUITER'
2025-08-23 12:59:47,911 - INFO - Scraping jobs for 'data scientist' in 'Remote'
2025-08-23 12:59:47,912 - ERROR - Error scraping jobs for 'data scientist' in 'Remote': 'ZIPRECRUITER'
2025-08-23 12:59:47,914 - INFO - Scraping jobs for 'data scientist' in 'San Francisco, CA'
2025-08-23 12:59:47,916 - ERROR - Error scraping jobs for 'data scientist' in 'San Francisco, CA': 'ZIPRECRUITER'
2025-08-23 12:59:47,917 - INFO - Scraping jobs for 'data scientist' in 'New York, NY'
2025-08-23 12:59:47,918 - ERROR - Error scraping jobs for 'data scientist' in 'New York, NY': 'ZIPRECRUITER'
2025-08-23 12:59:47,919 - INFO - Scraping jobs for 'data scientist' in 'Seattle, WA'
2025-08-23 12:59:47,920 - ERROR - Error scraping jobs for 'data scientist' in 'Seattle, WA': 'ZIPRECRUITER'
2025-08-23 12:59:47,920 - INFO - Scraping jobs for 'data scientist' in 'Austin, TX'
2025-08-23 12:59:47,921 - ERROR - Error scraping jobs for 'data scientist' in 'Austin, TX': 'ZIPRECRUITER'
2025-08-23 12:59:47,922 - INFO - Scraping jobs for 'full stack developer' in 'Remote'
2025-08-23 12:59:47,923 - ERROR - Error scraping jobs for 'full stack developer' in 'Remote': 'ZIPRECRUITER'
2025-08-23 12:59:47,924 - INFO - Scraping jobs for 'full stack developer' in 'San Francisco, CA'
2025-08-23 12:59:47,926 - ERROR - Error scraping jobs for 'full stack developer' in 'San Francisco, CA': 'ZIPRECRUITER'
2025-08-23 12:59:47,926 - INFO - Scraping jobs for 'full stack developer' in 'New York, NY'
2025-08-23 12:59:47,929 - ERROR - Error scraping jobs for 'full stack developer' in 'New York, NY': 'ZIPRECRUITER'
2025-08-23 12:59:47,930 - INFO - Scraping jobs for 'full stack developer' in 'Seattle, WA'
2025-08-23 12:59:47,931 - ERROR - Error scraping jobs for 'full stack developer' in 'Seattle, WA': 'ZIPRECRUITER'
2025-08-23 12:59:47,932 - INFO - Scraping jobs for 'full stack developer' in 'Austin, TX'
2025-08-23 12:59:47,933 - ERROR - Error scraping jobs for 'full stack developer' in 'Austin, TX': 'ZIPRECRUITER'
2025-08-23 12:59:47,933 - INFO - Scraping jobs for 'backend developer' in 'Remote'
2025-08-23 12:59:47,934 - ERROR - Error scraping jobs for 'backend developer' in 'Remote': 'ZIPRECRUITER'
2025-08-23 12:59:47,935 - INFO - Scraping jobs for 'backend developer' in 'San Francisco, CA'
2025-08-23 12:59:47,936 - ERROR - Error scraping jobs for 'backend developer' in 'San Francisco, CA': 'ZIPRECRUITER'
2025-08-23 12:59:47,936 - INFO - Scraping jobs for 'backend developer' in 'New York, NY'
2025-08-23 12:59:47,937 - ERROR - Error scraping jobs for 'backend developer' in 'New York, NY': 'ZIPRECRUITER'
2025-08-23 12:59:47,938 - INFO - Scraping jobs for 'backend developer' in 'Seattle, WA'
2025-08-23 12:59:47,940 - ERROR - Error scraping jobs for 'backend developer' in 'Seattle, WA': 'ZIPRECRUITER'
2025-08-23 12:59:47,941 - INFO - Scraping jobs for 'backend developer' in 'Austin, TX'
2025-08-23 12:59:47,942 - ERROR - Error scraping jobs for 'backend developer' in 'Austin, TX': 'ZIPRECRUITER'
2025-08-23 13:00:49,161 - INFO - Starting job scraping...
2025-08-23 13:00:49,164 - INFO - Scraping jobs for 'python developer' in 'Remote'
2025-08-23 13:00:50,185 - INFO - Found 3 jobs for 'python developer' in 'Remote'
2025-08-23 13:00:50,187 - INFO - Total unique jobs found: 3
2025-08-23 13:00:50,199 - INFO - Jobs after filtering: 1
2025-08-23 13:19:07,452 - INFO -  * Detected change in 'C:\\Users\\user\\Desktop\\Projects\\Linked-in\\src\\web_ui.py', reloading
2025-08-23 13:19:07,717 - INFO -  * Restarting with stat
2025-08-23 13:19:10,251 - WARNING -  * Debugger is active!
2025-08-23 13:19:10,258 - INFO -  * Debugger PIN: 996-534-931
2025-08-23 13:19:23,767 - INFO -  * Detected change in 'C:\\Users\\user\\Desktop\\Projects\\Linked-in\\src\\web_ui.py', reloading
2025-08-23 13:19:23,970 - INFO -  * Restarting with stat
2025-08-23 13:19:26,678 - WARNING -  * Debugger is active!
2025-08-23 13:19:26,682 - INFO -  * Debugger PIN: 996-534-931
2025-08-23 13:20:21,590 - INFO -  * Detected change in 'C:\\Users\\user\\Desktop\\Projects\\Linked-in\\src\\web_ui.py', reloading
2025-08-23 13:20:21,915 - INFO -  * Restarting with stat
2025-08-23 13:20:24,572 - WARNING -  * Debugger is active!
2025-08-23 13:20:24,579 - INFO -  * Debugger PIN: 996-534-931
2025-08-23 13:20:33,965 - INFO -  * Detected change in 'C:\\Users\\user\\Desktop\\Projects\\Linked-in\\src\\web_ui.py', reloading
2025-08-23 13:20:34,172 - INFO -  * Restarting with stat
2025-08-23 13:20:36,831 - WARNING -  * Debugger is active!
2025-08-23 13:20:36,836 - INFO -  * Debugger PIN: 996-534-931
2025-08-23 13:21:24,640 - INFO -  * Detected change in 'C:\\Users\\user\\Desktop\\Projects\\Linked-in\\src\\web_ui.py', reloading
2025-08-23 13:21:24,876 - INFO -  * Restarting with stat
2025-08-23 13:21:29,174 - WARNING -  * Debugger is active!
2025-08-23 13:21:29,183 - INFO -  * Debugger PIN: 996-534-931
2025-08-23 13:22:14,853 - INFO - [31m[1mWARNING: This is a development server. Do not use it in a production deployment. Use a production WSGI server instead.[0m
 * Running on all addresses (0.0.0.0)
 * Running on http://127.0.0.1:5000
 * Running on http://192.168.2.63:5000
2025-08-23 13:22:14,855 - INFO - [33mPress CTRL+C to quit[0m
2025-08-23 13:22:14,861 - INFO -  * Restarting with stat
2025-08-23 13:22:19,175 - WARNING -  * Debugger is active!
2025-08-23 13:22:19,183 - INFO -  * Debugger PIN: 996-534-931
2025-08-23 13:22:24,983 - INFO - 127.0.0.1 - - [23/Aug/2025 13:22:24] "GET /config HTTP/1.1" 200 -
2025-08-23 13:22:41,617 - INFO - 127.0.0.1 - - [23/Aug/2025 13:22:41] "[33mGET /test_job_search HTTP/1.1[0m" 404 -
2025-08-23 13:23:11,343 - INFO - Starting job scraping...
2025-08-23 13:23:11,347 - INFO - Scraping jobs for 'python developer' in 'Remote'
2025-08-23 13:23:12,395 - INFO - Found 3 jobs for 'python developer' in 'Remote'
2025-08-23 13:23:12,399 - INFO - Total unique jobs found: 3
2025-08-23 13:23:12,418 - INFO - Jobs after filtering: 1
2025-08-23 13:23:54,877 - INFO - Starting job scraping...
2025-08-23 13:23:54,881 - INFO - Scraping jobs for 'java developer' in 'Remote'
2025-08-23 13:24:02,647 - INFO - Found 10 jobs for 'java developer' in 'Remote'
2025-08-23 13:24:02,648 - INFO - Scraping jobs for 'java developer' in 'Toronto, ON'
2025-08-23 13:24:02,906 - INFO - Total unique jobs found: 10
2025-08-23 13:24:02,934 - INFO - Jobs after filtering: 1
2025-08-23 13:25:15,825 - INFO - [31m[1mWARNING: This is a development server. Do not use it in a production deployment. Use a production WSGI server instead.[0m
 * Running on all addresses (0.0.0.0)
 * Running on http://127.0.0.1:5000
 * Running on http://192.168.2.63:5000
2025-08-23 13:25:15,827 - INFO - [33mPress CTRL+C to quit[0m
2025-08-23 13:25:31,755 - INFO - 127.0.0.1 - - [23/Aug/2025 13:25:31] "GET / HTTP/1.1" 200 -
2025-08-23 13:25:37,058 - INFO - 127.0.0.1 - - [23/Aug/2025 13:25:37] "GET / HTTP/1.1" 200 -
2025-08-23 13:25:40,916 - INFO - Starting job scraping...
2025-08-23 13:25:40,918 - INFO - Scraping jobs for 'software engineer' in 'Remote'
2025-08-23 13:25:50,389 - INFO - Found 10 jobs for 'software engineer' in 'Remote'
2025-08-23 13:25:50,390 - INFO - Scraping jobs for 'software engineer' in 'San Francisco, CA'
2025-08-23 13:25:53,707 - INFO - Found 5 jobs for 'software engineer' in 'San Francisco, CA'
2025-08-23 13:25:53,707 - INFO - Scraping jobs for 'software engineer' in 'New York, NY'
2025-08-23 13:25:55,936 - INFO - Found 5 jobs for 'software engineer' in 'New York, NY'
2025-08-23 13:25:55,937 - INFO - Scraping jobs for 'software engineer' in 'Seattle, WA'
2025-08-23 13:25:57,934 - INFO - Found 5 jobs for 'software engineer' in 'Seattle, WA'
2025-08-23 13:25:57,935 - INFO - Scraping jobs for 'software engineer' in 'Austin, TX'
2025-08-23 13:26:00,349 - INFO - Found 5 jobs for 'software engineer' in 'Austin, TX'
2025-08-23 13:26:00,349 - INFO - Scraping jobs for 'python developer' in 'Remote'
2025-08-23 13:26:09,021 - INFO - Found 10 jobs for 'python developer' in 'Remote'
2025-08-23 13:26:09,021 - INFO - Scraping jobs for 'python developer' in 'San Francisco, CA'
2025-08-23 13:26:17,660 - INFO - Found 5 jobs for 'python developer' in 'San Francisco, CA'
2025-08-23 13:26:17,730 - INFO - Scraping jobs for 'python developer' in 'New York, NY'
2025-08-23 13:26:29,026 - INFO - Found 5 jobs for 'python developer' in 'New York, NY'
2025-08-23 13:26:29,046 - INFO - Scraping jobs for 'python developer' in 'Seattle, WA'
2025-08-23 13:26:38,094 - INFO - Found 5 jobs for 'python developer' in 'Seattle, WA'
2025-08-23 13:26:38,099 - INFO - Scraping jobs for 'python developer' in 'Austin, TX'
2025-08-23 13:26:39,110 - INFO - Found 5 jobs for 'python developer' in 'Austin, TX'
2025-08-23 13:26:39,111 - INFO - Scraping jobs for 'java developer' in 'Remote'
2025-08-23 13:26:49,116 - INFO - Found 10 jobs for 'java developer' in 'Remote'
2025-08-23 13:26:49,116 - INFO - Scraping jobs for 'java developer' in 'San Francisco, CA'
2025-08-23 13:26:50,722 - INFO - Found 5 jobs for 'java developer' in 'San Francisco, CA'
2025-08-23 13:26:50,723 - INFO - Scraping jobs for 'java developer' in 'New York, NY'
2025-08-23 13:26:52,338 - INFO - Found 5 jobs for 'java developer' in 'New York, NY'
2025-08-23 13:26:52,339 - INFO - Scraping jobs for 'java developer' in 'Seattle, WA'
2025-08-23 13:26:54,316 - INFO - Found 5 jobs for 'java developer' in 'Seattle, WA'
2025-08-23 13:26:54,318 - INFO - Scraping jobs for 'java developer' in 'Austin, TX'
2025-08-23 13:26:55,458 - INFO - Found 5 jobs for 'java developer' in 'Austin, TX'
2025-08-23 13:26:55,459 - INFO - Scraping jobs for 'full stack developer' in 'Remote'
2025-08-23 13:27:03,706 - INFO - Found 10 jobs for 'full stack developer' in 'Remote'
2025-08-23 13:27:03,707 - INFO - Scraping jobs for 'full stack developer' in 'San Francisco, CA'
2025-08-23 13:27:04,522 - INFO - Found 5 jobs for 'full stack developer' in 'San Francisco, CA'
2025-08-23 13:27:04,523 - INFO - Scraping jobs for 'full stack developer' in 'New York, NY'
2025-08-23 13:27:05,256 - INFO - Found 5 jobs for 'full stack developer' in 'New York, NY'
2025-08-23 13:27:05,257 - INFO - Scraping jobs for 'full stack developer' in 'Seattle, WA'
2025-08-23 13:27:07,496 - INFO - Found 5 jobs for 'full stack developer' in 'Seattle, WA'
2025-08-23 13:27:07,496 - INFO - Scraping jobs for 'full stack developer' in 'Austin, TX'
2025-08-23 13:27:08,588 - INFO - Found 5 jobs for 'full stack developer' in 'Austin, TX'
2025-08-23 13:27:08,589 - INFO - Scraping jobs for 'backend developer' in 'Remote'
2025-08-23 13:27:17,397 - INFO - Found 10 jobs for 'backend developer' in 'Remote'
2025-08-23 13:27:17,398 - INFO - Scraping jobs for 'backend developer' in 'San Francisco, CA'
2025-08-23 13:27:18,415 - INFO - Found 5 jobs for 'backend developer' in 'San Francisco, CA'
2025-08-23 13:27:18,416 - INFO - Scraping jobs for 'backend developer' in 'New York, NY'
2025-08-23 13:27:19,232 - INFO - Found 5 jobs for 'backend developer' in 'New York, NY'
2025-08-23 13:27:19,233 - INFO - Scraping jobs for 'backend developer' in 'Seattle, WA'
2025-08-23 13:27:19,865 - INFO - Found 5 jobs for 'backend developer' in 'Seattle, WA'
2025-08-23 13:27:19,866 - INFO - Scraping jobs for 'backend developer' in 'Austin, TX'
2025-08-23 13:27:20,661 - INFO - Found 5 jobs for 'backend developer' in 'Austin, TX'
2025-08-23 13:27:20,662 - INFO - Scraping jobs for 'frontend developer' in 'Remote'
2025-08-23 13:27:26,001 - INFO - Found 10 jobs for 'frontend developer' in 'Remote'
2025-08-23 13:27:26,001 - INFO - Scraping jobs for 'frontend developer' in 'San Francisco, CA'
2025-08-23 13:27:26,824 - INFO - Found 5 jobs for 'frontend developer' in 'San Francisco, CA'
2025-08-23 13:27:26,825 - INFO - Scraping jobs for 'frontend developer' in 'New York, NY'
2025-08-23 13:27:27,709 - INFO - Found 5 jobs for 'frontend developer' in 'New York, NY'
2025-08-23 13:27:27,710 - INFO - Scraping jobs for 'frontend developer' in 'Seattle, WA'
2025-08-23 13:27:28,477 - INFO - Found 5 jobs for 'frontend developer' in 'Seattle, WA'
2025-08-23 13:27:28,478 - INFO - Scraping jobs for 'frontend developer' in 'Austin, TX'
2025-08-23 13:27:29,120 - INFO - Found 5 jobs for 'frontend developer' in 'Austin, TX'
2025-08-23 13:27:29,120 - INFO - Scraping jobs for 'site reliability engineer' in 'Remote'
2025-08-23 13:27:31,433 - INFO - Found 4 jobs for 'site reliability engineer' in 'Remote'
2025-08-23 13:27:31,434 - INFO - Scraping jobs for 'site reliability engineer' in 'San Francisco, CA'
2025-08-23 13:27:31,916 - INFO - Found 5 jobs for 'site reliability engineer' in 'San Francisco, CA'
2025-08-23 13:27:31,917 - INFO - Scraping jobs for 'site reliability engineer' in 'New York, NY'
2025-08-23 13:27:32,587 - INFO - Found 2 jobs for 'site reliability engineer' in 'New York, NY'
2025-08-23 13:27:32,588 - INFO - Scraping jobs for 'site reliability engineer' in 'Seattle, WA'
2025-08-23 13:27:33,201 - INFO - Found 1 jobs for 'site reliability engineer' in 'Seattle, WA'
2025-08-23 13:27:33,202 - INFO - Scraping jobs for 'site reliability engineer' in 'Austin, TX'
2025-08-23 13:27:33,565 - INFO - Scraping jobs for 'devops engineer' in 'Remote'
2025-08-23 13:27:38,216 - INFO - Found 10 jobs for 'devops engineer' in 'Remote'
2025-08-23 13:27:38,216 - INFO - Scraping jobs for 'devops engineer' in 'San Francisco, CA'
2025-08-23 13:27:39,112 - INFO - Found 5 jobs for 'devops engineer' in 'San Francisco, CA'
2025-08-23 13:27:39,113 - INFO - Scraping jobs for 'devops engineer' in 'New York, NY'
2025-08-23 13:27:39,704 - INFO - Found 5 jobs for 'devops engineer' in 'New York, NY'
2025-08-23 13:27:39,705 - INFO - Scraping jobs for 'devops engineer' in 'Seattle, WA'
2025-08-23 13:27:40,721 - INFO - Found 5 jobs for 'devops engineer' in 'Seattle, WA'
2025-08-23 13:27:40,722 - INFO - Scraping jobs for 'devops engineer' in 'Austin, TX'
2025-08-23 13:27:41,269 - INFO - Found 5 jobs for 'devops engineer' in 'Austin, TX'
2025-08-23 13:27:41,269 - INFO - Scraping jobs for 'cloud engineer' in 'Remote'
2025-08-23 13:27:50,864 - INFO - Found 10 jobs for 'cloud engineer' in 'Remote'
2025-08-23 13:27:50,864 - INFO - Scraping jobs for 'cloud engineer' in 'San Francisco, CA'
2025-08-23 13:27:53,315 - INFO - Found 5 jobs for 'cloud engineer' in 'San Francisco, CA'
2025-08-23 13:27:53,316 - INFO - Scraping jobs for 'cloud engineer' in 'New York, NY'
2025-08-23 13:27:55,641 - INFO - Found 5 jobs for 'cloud engineer' in 'New York, NY'
2025-08-23 13:27:55,641 - INFO - Scraping jobs for 'cloud engineer' in 'Seattle, WA'
2025-08-23 13:27:57,761 - INFO - Found 5 jobs for 'cloud engineer' in 'Seattle, WA'
2025-08-23 13:27:57,762 - INFO - Scraping jobs for 'cloud engineer' in 'Austin, TX'
2025-08-23 13:27:59,973 - INFO - Found 5 jobs for 'cloud engineer' in 'Austin, TX'
2025-08-23 13:27:59,976 - INFO - Total unique jobs found: 203
2025-08-23 13:28:00,016 - INFO - Jobs after filtering: 34
2025-08-23 13:28:00,027 - INFO - 127.0.0.1 - - [23/Aug/2025 13:28:00] "GET /test_jobs HTTP/1.1" 200 -
2025-08-23 13:28:08,152 - INFO - 127.0.0.1 - - [23/Aug/2025 13:28:08] "GET /test_email HTTP/1.1" 200 -
2025-08-23 13:29:00,238 - INFO - [31m[1mWARNING: This is a development server. Do not use it in a production deployment. Use a production WSGI server instead.[0m
 * Running on all addresses (0.0.0.0)
 * Running on http://127.0.0.1:5000
 * Running on http://192.168.2.63:5000
2025-08-23 13:29:00,239 - INFO - [33mPress CTRL+C to quit[0m
2025-08-23 13:29:12,529 - ERROR - Error sending email notifications: (535, b'5.7.8 Username and Password not accepted. For more information, go to\n5.7.8  https://support.google.com/mail/?p=BadCredentials 6a1803df08f44-70da72ed68csm16433346d6.75 - gsmtp')
2025-08-23 13:29:12,532 - INFO - 127.0.0.1 - - [23/Aug/2025 13:29:12] "GET /test_email HTTP/1.1" 200 -
2025-08-23 13:36:35,336 - INFO - Starting job scraping...
2025-08-23 13:36:35,339 - INFO - Scraping jobs for 'software engineer' in 'Remote'
2025-08-23 13:36:44,622 - INFO - Found 10 jobs for 'software engineer' in 'Remote'
2025-08-23 13:36:44,623 - INFO - Scraping jobs for 'software engineer' in 'San Francisco, CA'
2025-08-23 13:36:46,772 - INFO - Found 5 jobs for 'software engineer' in 'San Francisco, CA'
2025-08-23 13:36:46,773 - INFO - Scraping jobs for 'software engineer' in 'New York, NY'
2025-08-23 13:36:49,074 - INFO - Found 5 jobs for 'software engineer' in 'New York, NY'
2025-08-23 13:36:49,075 - INFO - Scraping jobs for 'software engineer' in 'Seattle, WA'
2025-08-23 13:36:51,468 - INFO - Found 5 jobs for 'software engineer' in 'Seattle, WA'
2025-08-23 13:36:51,468 - INFO - Scraping jobs for 'software engineer' in 'Austin, TX'
2025-08-23 13:36:51,574 - ERROR - Error sending email notifications: (535, b'5.7.8 Username and Password not accepted. For more information, go to\n5.7.8  https://support.google.com/mail/?p=BadCredentials 6a1803df08f44-70da717233bsm16929306d6.25 - gsmtp')
2025-08-23 13:36:51,577 - INFO - 127.0.0.1 - - [23/Aug/2025 13:36:51] "GET /test_email HTTP/1.1" 200 -
2025-08-23 13:36:53,679 - INFO - Found 5 jobs for 'software engineer' in 'Austin, TX'
2025-08-23 13:36:53,681 - INFO - Scraping jobs for 'python developer' in 'Remote'
2025-08-23 13:36:54,657 - INFO - 127.0.0.1 - - [23/Aug/2025 13:36:54] "GET / HTTP/1.1" 200 -
2025-08-23 13:37:00,083 - INFO - Starting job scraping...
2025-08-23 13:37:00,091 - INFO - Scraping jobs for 'software engineer' in 'Remote'
2025-08-23 13:37:05,053 - INFO - Found 10 jobs for 'python developer' in 'Remote'
2025-08-23 13:37:05,078 - INFO - Scraping jobs for 'python developer' in 'San Francisco, CA'
2025-08-23 13:37:11,768 - INFO - Found 5 jobs for 'python developer' in 'San Francisco, CA'
2025-08-23 13:37:11,786 - INFO - Found 10 jobs for 'software engineer' in 'Remote'
2025-08-23 13:37:11,787 - INFO - Scraping jobs for 'python developer' in 'New York, NY'
2025-08-23 13:37:11,787 - INFO - Scraping jobs for 'software engineer' in 'San Francisco, CA'
2025-08-23 13:37:13,206 - INFO - Found 5 jobs for 'python developer' in 'New York, NY'
2025-08-23 13:37:13,207 - INFO - Scraping jobs for 'python developer' in 'Seattle, WA'
2025-08-23 13:37:14,609 - INFO - Found 5 jobs for 'software engineer' in 'San Francisco, CA'
2025-08-23 13:37:14,610 - INFO - Scraping jobs for 'software engineer' in 'New York, NY'
2025-08-23 13:37:15,822 - INFO - Found 5 jobs for 'python developer' in 'Seattle, WA'
2025-08-23 13:37:15,822 - INFO - Scraping jobs for 'python developer' in 'Austin, TX'
2025-08-23 13:37:17,646 - INFO - Found 5 jobs for 'python developer' in 'Austin, TX'
2025-08-23 13:37:17,651 - INFO - Found 5 jobs for 'software engineer' in 'New York, NY'
2025-08-23 13:37:17,651 - INFO - Scraping jobs for 'java developer' in 'Remote'
2025-08-23 13:37:17,652 - INFO - Scraping jobs for 'software engineer' in 'Seattle, WA'
2025-08-23 13:37:23,995 - INFO - Found 5 jobs for 'software engineer' in 'Seattle, WA'
2025-08-23 13:37:24,008 - INFO - Scraping jobs for 'software engineer' in 'Austin, TX'
2025-08-23 13:37:28,139 - INFO - Found 5 jobs for 'software engineer' in 'Austin, TX'
2025-08-23 13:37:28,155 - INFO - Scraping jobs for 'python developer' in 'Remote'
2025-08-23 13:37:28,182 - INFO - Found 10 jobs for 'java developer' in 'Remote'
2025-08-23 13:37:28,184 - INFO - Scraping jobs for 'java developer' in 'San Francisco, CA'
2025-08-23 13:37:29,595 - INFO - Found 5 jobs for 'java developer' in 'San Francisco, CA'
2025-08-23 13:37:29,596 - INFO - Scraping jobs for 'java developer' in 'New York, NY'
2025-08-23 13:37:30,435 - INFO - Found 5 jobs for 'java developer' in 'New York, NY'
2025-08-23 13:37:30,435 - INFO - Scraping jobs for 'java developer' in 'Seattle, WA'
2025-08-23 13:37:32,560 - INFO - Found 5 jobs for 'java developer' in 'Seattle, WA'
2025-08-23 13:37:32,560 - INFO - Scraping jobs for 'java developer' in 'Austin, TX'
2025-08-23 13:37:35,235 - INFO - Found 5 jobs for 'java developer' in 'Austin, TX'
2025-08-23 13:37:35,259 - INFO - Scraping jobs for 'full stack developer' in 'Remote'
2025-08-23 13:37:41,201 - INFO - Found 10 jobs for 'python developer' in 'Remote'
2025-08-23 13:37:41,234 - INFO - Scraping jobs for 'python developer' in 'San Francisco, CA'
2025-08-23 13:37:44,279 - INFO - Found 5 jobs for 'python developer' in 'San Francisco, CA'
2025-08-23 13:37:44,280 - INFO - Scraping jobs for 'python developer' in 'New York, NY'
2025-08-23 13:37:44,440 - INFO - Found 10 jobs for 'full stack developer' in 'Remote'
2025-08-23 13:37:44,488 - INFO - Scraping jobs for 'full stack developer' in 'San Francisco, CA'
2025-08-23 13:37:45,210 - INFO - Found 5 jobs for 'full stack developer' in 'San Francisco, CA'
2025-08-23 13:37:45,210 - INFO - Scraping jobs for 'full stack developer' in 'New York, NY'
2025-08-23 13:37:46,007 - INFO - Found 5 jobs for 'python developer' in 'New York, NY'
2025-08-23 13:37:46,007 - INFO - Scraping jobs for 'python developer' in 'Seattle, WA'
2025-08-23 13:37:46,380 - INFO - Found 5 jobs for 'full stack developer' in 'New York, NY'
2025-08-23 13:37:46,381 - INFO - Scraping jobs for 'full stack developer' in 'Seattle, WA'
2025-08-23 13:37:47,810 - INFO - Found 5 jobs for 'full stack developer' in 'Seattle, WA'
2025-08-23 13:37:47,828 - INFO - Scraping jobs for 'full stack developer' in 'Austin, TX'
2025-08-23 13:37:48,578 - INFO - Found 5 jobs for 'python developer' in 'Seattle, WA'
2025-08-23 13:37:48,579 - INFO - Scraping jobs for 'python developer' in 'Austin, TX'
2025-08-23 13:37:48,975 - INFO - Found 5 jobs for 'full stack developer' in 'Austin, TX'
2025-08-23 13:37:48,976 - INFO - Scraping jobs for 'backend developer' in 'Remote'
2025-08-23 13:37:49,473 - INFO - Found 5 jobs for 'python developer' in 'Austin, TX'
2025-08-23 13:37:49,474 - INFO - Scraping jobs for 'java developer' in 'Remote'
2025-08-23 13:38:00,707 - INFO - Found 10 jobs for 'backend developer' in 'Remote'
2025-08-23 13:38:00,742 - INFO - Scraping jobs for 'backend developer' in 'San Francisco, CA'
2025-08-23 13:38:02,103 - INFO - Found 5 jobs for 'backend developer' in 'San Francisco, CA'
2025-08-23 13:38:02,104 - INFO - Scraping jobs for 'backend developer' in 'New York, NY'
2025-08-23 13:38:02,182 - INFO - Found 10 jobs for 'java developer' in 'Remote'
2025-08-23 13:38:02,183 - INFO - Scraping jobs for 'java developer' in 'San Francisco, CA'
2025-08-23 13:38:03,026 - INFO - Found 5 jobs for 'backend developer' in 'New York, NY'
2025-08-23 13:38:03,026 - INFO - Scraping jobs for 'backend developer' in 'Seattle, WA'
2025-08-23 13:38:03,662 - INFO - Found 5 jobs for 'java developer' in 'San Francisco, CA'
2025-08-23 13:38:03,663 - INFO - Scraping jobs for 'java developer' in 'New York, NY'
2025-08-23 13:38:03,912 - INFO - Found 5 jobs for 'backend developer' in 'Seattle, WA'
2025-08-23 13:38:03,912 - INFO - Scraping jobs for 'backend developer' in 'Austin, TX'
2025-08-23 13:38:04,389 - INFO - Found 5 jobs for 'backend developer' in 'Austin, TX'
2025-08-23 13:38:04,390 - INFO - Scraping jobs for 'frontend developer' in 'Remote'
2025-08-23 13:38:04,954 - INFO - Found 5 jobs for 'java developer' in 'New York, NY'
2025-08-23 13:38:04,955 - INFO - Scraping jobs for 'java developer' in 'Seattle, WA'
2025-08-23 13:38:08,504 - INFO - Found 5 jobs for 'java developer' in 'Seattle, WA'
2025-08-23 13:38:08,523 - INFO - Scraping jobs for 'java developer' in 'Austin, TX'
2025-08-23 13:38:10,010 - INFO - Found 10 jobs for 'frontend developer' in 'Remote'
2025-08-23 13:38:10,011 - INFO - Found 5 jobs for 'java developer' in 'Austin, TX'
2025-08-23 13:38:10,012 - INFO - Scraping jobs for 'frontend developer' in 'San Francisco, CA'
2025-08-23 13:38:10,012 - INFO - Scraping jobs for 'full stack developer' in 'Remote'
2025-08-23 13:38:11,522 - INFO - Found 5 jobs for 'frontend developer' in 'San Francisco, CA'
2025-08-23 13:38:11,540 - INFO - Scraping jobs for 'frontend developer' in 'New York, NY'
2025-08-23 13:38:13,632 - INFO - Found 5 jobs for 'frontend developer' in 'New York, NY'
2025-08-23 13:38:13,640 - INFO - Scraping jobs for 'frontend developer' in 'Seattle, WA'
2025-08-23 13:38:15,510 - INFO - Found 5 jobs for 'frontend developer' in 'Seattle, WA'
2025-08-23 13:38:15,519 - INFO - Scraping jobs for 'frontend developer' in 'Austin, TX'
2025-08-23 13:38:16,732 - INFO - Found 5 jobs for 'frontend developer' in 'Austin, TX'
2025-08-23 13:38:16,744 - INFO - Scraping jobs for 'site reliability engineer' in 'Remote'
2025-08-23 13:38:17,136 - INFO - Found 10 jobs for 'full stack developer' in 'Remote'
2025-08-23 13:38:17,137 - INFO - Scraping jobs for 'full stack developer' in 'San Francisco, CA'
2025-08-23 13:38:18,476 - INFO - Found 5 jobs for 'full stack developer' in 'San Francisco, CA'
2025-08-23 13:38:18,484 - INFO - Scraping jobs for 'full stack developer' in 'New York, NY'
2025-08-23 13:38:19,514 - INFO - Found 5 jobs for 'full stack developer' in 'New York, NY'
2025-08-23 13:38:19,568 - INFO - Scraping jobs for 'full stack developer' in 'Seattle, WA'
2025-08-23 13:38:19,595 - INFO - Found 4 jobs for 'site reliability engineer' in 'Remote'
2025-08-23 13:38:19,597 - INFO - Scraping jobs for 'site reliability engineer' in 'San Francisco, CA'
2025-08-23 13:38:20,884 - INFO - Found 5 jobs for 'site reliability engineer' in 'San Francisco, CA'
2025-08-23 13:38:20,915 - INFO - Scraping jobs for 'site reliability engineer' in 'New York, NY'
2025-08-23 13:38:21,247 - INFO - Found 5 jobs for 'full stack developer' in 'Seattle, WA'
2025-08-23 13:38:21,248 - INFO - Scraping jobs for 'full stack developer' in 'Austin, TX'
2025-08-23 13:38:21,643 - INFO - Found 2 jobs for 'site reliability engineer' in 'New York, NY'
2025-08-23 13:38:21,644 - INFO - Scraping jobs for 'site reliability engineer' in 'Seattle, WA'
2025-08-23 13:38:22,457 - INFO - Found 5 jobs for 'full stack developer' in 'Austin, TX'
2025-08-23 13:38:22,459 - INFO - Scraping jobs for 'backend developer' in 'Remote'
2025-08-23 13:38:22,730 - INFO - Found 1 jobs for 'site reliability engineer' in 'Seattle, WA'
2025-08-23 13:38:22,734 - INFO - Scraping jobs for 'site reliability engineer' in 'Austin, TX'
2025-08-23 13:38:23,284 - INFO - Scraping jobs for 'devops engineer' in 'Remote'
2025-08-23 13:38:34,180 - INFO - Found 10 jobs for 'backend developer' in 'Remote'
2025-08-23 13:38:34,180 - INFO - Scraping jobs for 'backend developer' in 'San Francisco, CA'
2025-08-23 13:38:34,462 - INFO - Found 10 jobs for 'devops engineer' in 'Remote'
2025-08-23 13:38:34,463 - INFO - Scraping jobs for 'devops engineer' in 'San Francisco, CA'
2025-08-23 13:38:35,198 - INFO - Found 5 jobs for 'backend developer' in 'San Francisco, CA'
2025-08-23 13:38:35,198 - INFO - Scraping jobs for 'backend developer' in 'New York, NY'
2025-08-23 13:38:35,576 - INFO - Found 5 jobs for 'devops engineer' in 'San Francisco, CA'
2025-08-23 13:38:35,577 - INFO - Scraping jobs for 'devops engineer' in 'New York, NY'
2025-08-23 13:38:36,279 - INFO - Found 5 jobs for 'devops engineer' in 'New York, NY'
2025-08-23 13:38:36,279 - INFO - Scraping jobs for 'devops engineer' in 'Seattle, WA'
2025-08-23 13:38:36,691 - INFO - Found 5 jobs for 'backend developer' in 'New York, NY'
2025-08-23 13:38:36,692 - INFO - Scraping jobs for 'backend developer' in 'Seattle, WA'
2025-08-23 13:38:37,062 - INFO - Found 5 jobs for 'devops engineer' in 'Seattle, WA'
2025-08-23 13:38:37,062 - INFO - Scraping jobs for 'devops engineer' in 'Austin, TX'
2025-08-23 13:38:37,511 - INFO - Found 5 jobs for 'backend developer' in 'Seattle, WA'
2025-08-23 13:38:37,512 - INFO - Scraping jobs for 'backend developer' in 'Austin, TX'
2025-08-23 13:38:37,800 - INFO - Found 5 jobs for 'devops engineer' in 'Austin, TX'
2025-08-23 13:38:37,801 - INFO - Scraping jobs for 'cloud engineer' in 'Remote'
2025-08-23 13:38:38,540 - INFO - Found 5 jobs for 'backend developer' in 'Austin, TX'
2025-08-23 13:38:38,540 - INFO - Scraping jobs for 'frontend developer' in 'Remote'
2025-08-23 13:38:51,506 - INFO - Found 10 jobs for 'frontend developer' in 'Remote'
2025-08-23 13:38:51,507 - INFO - Scraping jobs for 'frontend developer' in 'San Francisco, CA'
2025-08-23 13:38:52,293 - INFO - Found 5 jobs for 'frontend developer' in 'San Francisco, CA'
2025-08-23 13:38:52,294 - INFO - Scraping jobs for 'frontend developer' in 'New York, NY'
2025-08-23 13:38:53,099 - INFO - Found 5 jobs for 'frontend developer' in 'New York, NY'
2025-08-23 13:38:53,100 - INFO - Scraping jobs for 'frontend developer' in 'Seattle, WA'
2025-08-23 13:38:53,224 - INFO - Found 10 jobs for 'cloud engineer' in 'Remote'
2025-08-23 13:38:53,225 - INFO - Scraping jobs for 'cloud engineer' in 'San Francisco, CA'
2025-08-23 13:38:53,884 - INFO - Found 5 jobs for 'frontend developer' in 'Seattle, WA'
2025-08-23 13:38:53,885 - INFO - Scraping jobs for 'frontend developer' in 'Austin, TX'
2025-08-23 13:38:55,300 - INFO - Found 5 jobs for 'frontend developer' in 'Austin, TX'
2025-08-23 13:38:55,332 - INFO - Scraping jobs for 'site reliability engineer' in 'Remote'
2025-08-23 13:38:55,946 - INFO - Found 5 jobs for 'cloud engineer' in 'San Francisco, CA'
2025-08-23 13:38:55,948 - INFO - Scraping jobs for 'cloud engineer' in 'New York, NY'
2025-08-23 13:38:57,952 - INFO - Found 4 jobs for 'site reliability engineer' in 'Remote'
2025-08-23 13:38:57,984 - INFO - Scraping jobs for 'site reliability engineer' in 'San Francisco, CA'
2025-08-23 13:38:58,443 - INFO - Found 5 jobs for 'cloud engineer' in 'New York, NY'
2025-08-23 13:38:58,444 - INFO - Scraping jobs for 'cloud engineer' in 'Seattle, WA'
2025-08-23 13:38:58,818 - INFO - Found 5 jobs for 'site reliability engineer' in 'San Francisco, CA'
2025-08-23 13:38:58,819 - INFO - Scraping jobs for 'site reliability engineer' in 'New York, NY'
2025-08-23 13:38:59,805 - INFO - Found 2 jobs for 'site reliability engineer' in 'New York, NY'
2025-08-23 13:38:59,829 - INFO - Scraping jobs for 'site reliability engineer' in 'Seattle, WA'
2025-08-23 13:39:00,717 - INFO - Found 5 jobs for 'cloud engineer' in 'Seattle, WA'
2025-08-23 13:39:00,718 - INFO - Scraping jobs for 'cloud engineer' in 'Austin, TX'
2025-08-23 13:39:00,836 - INFO - Found 1 jobs for 'site reliability engineer' in 'Seattle, WA'
2025-08-23 13:39:00,839 - INFO - Scraping jobs for 'site reliability engineer' in 'Austin, TX'
2025-08-23 13:39:01,086 - INFO - Scraping jobs for 'devops engineer' in 'Remote'
2025-08-23 13:39:04,889 - INFO - Found 5 jobs for 'cloud engineer' in 'Austin, TX'
2025-08-23 13:39:04,898 - INFO - Total unique jobs found: 205
2025-08-23 13:39:04,995 - INFO - Jobs after filtering: 33
2025-08-23 13:39:05,015 - INFO - 127.0.0.1 - - [23/Aug/2025 13:39:05] "GET /test_jobs HTTP/1.1" 200 -
2025-08-23 13:39:05,816 - INFO - Found 10 jobs for 'devops engineer' in 'Remote'
2025-08-23 13:39:05,817 - INFO - Scraping jobs for 'devops engineer' in 'San Francisco, CA'
2025-08-23 13:39:06,598 - INFO - Found 5 jobs for 'devops engineer' in 'San Francisco, CA'
2025-08-23 13:39:06,599 - INFO - Scraping jobs for 'devops engineer' in 'New York, NY'
2025-08-23 13:39:07,185 - INFO - Found 5 jobs for 'devops engineer' in 'New York, NY'
2025-08-23 13:39:07,185 - INFO - Scraping jobs for 'devops engineer' in 'Seattle, WA'
2025-08-23 13:39:07,805 - INFO - Found 5 jobs for 'devops engineer' in 'Seattle, WA'
2025-08-23 13:39:07,807 - INFO - Scraping jobs for 'devops engineer' in 'Austin, TX'
2025-08-23 13:39:08,404 - INFO - Found 5 jobs for 'devops engineer' in 'Austin, TX'
2025-08-23 13:39:08,404 - INFO - Scraping jobs for 'cloud engineer' in 'Remote'
2025-08-23 13:39:17,430 - INFO - Found 10 jobs for 'cloud engineer' in 'Remote'
2025-08-23 13:39:17,430 - INFO - Scraping jobs for 'cloud engineer' in 'San Francisco, CA'
2025-08-23 13:39:19,694 - INFO - Found 5 jobs for 'cloud engineer' in 'San Francisco, CA'
2025-08-23 13:39:19,695 - INFO - Scraping jobs for 'cloud engineer' in 'New York, NY'
2025-08-23 13:39:21,632 - INFO - Found 5 jobs for 'cloud engineer' in 'New York, NY'
2025-08-23 13:39:21,633 - INFO - Scraping jobs for 'cloud engineer' in 'Seattle, WA'
2025-08-23 13:39:23,666 - INFO - Found 5 jobs for 'cloud engineer' in 'Seattle, WA'
2025-08-23 13:39:23,666 - INFO - Scraping jobs for 'cloud engineer' in 'Austin, TX'
2025-08-23 13:39:26,404 - INFO - Found 5 jobs for 'cloud engineer' in 'Austin, TX'
2025-08-23 13:39:26,406 - INFO - Total unique jobs found: 206
2025-08-23 13:39:26,448 - INFO - Jobs after filtering: 30
2025-08-23 13:39:27,343 - ERROR - Error sending email notifications: (535, b'5.7.8 Username and Password not accepted. For more information, go to\n5.7.8  https://support.google.com/mail/?p=BadCredentials 6a1803df08f44-70da71724f3sm16662966d6.28 - gsmtp')
2025-08-23 13:39:27,345 - INFO - 127.0.0.1 - - [23/Aug/2025 13:39:27] "GET /run_search HTTP/1.1" 200 -
2025-08-23 13:41:38,472 - INFO - 127.0.0.1 - - [23/Aug/2025 13:41:38] "GET / HTTP/1.1" 200 -
2025-08-23 14:04:25,826 - INFO - Starting job scraping...
2025-08-23 14:04:25,828 - INFO - Scraping jobs for 'software engineer' in 'Remote'
2025-08-23 14:04:33,263 - INFO - Found 10 jobs for 'software engineer' in 'Remote'
2025-08-23 14:04:33,268 - INFO - Scraping jobs for 'software engineer' in 'San Francisco, CA'
2025-08-23 14:04:34,785 - INFO - Found 5 jobs for 'software engineer' in 'San Francisco, CA'
2025-08-23 14:04:34,786 - INFO - Scraping jobs for 'software engineer' in 'New York, NY'
2025-08-23 14:04:36,488 - INFO - Found 5 jobs for 'software engineer' in 'New York, NY'
2025-08-23 14:04:36,488 - INFO - Scraping jobs for 'software engineer' in 'Seattle, WA'
2025-08-23 14:04:38,220 - INFO - Found 5 jobs for 'software engineer' in 'Seattle, WA'
2025-08-23 14:04:38,221 - INFO - Scraping jobs for 'software engineer' in 'Austin, TX'
2025-08-23 14:04:39,984 - INFO - Found 5 jobs for 'software engineer' in 'Austin, TX'
2025-08-23 14:04:39,985 - INFO - Scraping jobs for 'python developer' in 'Remote'
2025-08-23 14:04:47,094 - INFO - Found 10 jobs for 'python developer' in 'Remote'
2025-08-23 14:04:47,094 - INFO - Scraping jobs for 'python developer' in 'San Francisco, CA'
2025-08-23 14:04:48,826 - INFO - Found 5 jobs for 'python developer' in 'San Francisco, CA'
2025-08-23 14:04:48,827 - INFO - Scraping jobs for 'python developer' in 'New York, NY'
2025-08-23 14:04:50,029 - INFO - Found 5 jobs for 'python developer' in 'New York, NY'
2025-08-23 14:04:50,029 - INFO - Scraping jobs for 'python developer' in 'Seattle, WA'
2025-08-23 14:04:51,307 - INFO - Found 5 jobs for 'python developer' in 'Seattle, WA'
2025-08-23 14:04:51,307 - INFO - Scraping jobs for 'python developer' in 'Austin, TX'
2025-08-23 14:04:51,928 - INFO - Found 5 jobs for 'python developer' in 'Austin, TX'
2025-08-23 14:04:51,929 - INFO - Scraping jobs for 'java developer' in 'Remote'
2025-08-23 14:04:58,603 - INFO - Found 10 jobs for 'java developer' in 'Remote'
2025-08-23 14:04:58,604 - INFO - Scraping jobs for 'java developer' in 'San Francisco, CA'
2025-08-23 14:04:59,656 - INFO - Found 5 jobs for 'java developer' in 'San Francisco, CA'
2025-08-23 14:04:59,657 - INFO - Scraping jobs for 'java developer' in 'New York, NY'
2025-08-23 14:05:00,461 - INFO - Found 5 jobs for 'java developer' in 'New York, NY'
2025-08-23 14:05:00,462 - INFO - Scraping jobs for 'java developer' in 'Seattle, WA'
2025-08-23 14:05:02,150 - INFO - Found 5 jobs for 'java developer' in 'Seattle, WA'
2025-08-23 14:05:02,150 - INFO - Scraping jobs for 'java developer' in 'Austin, TX'
2025-08-23 14:05:02,940 - INFO - Found 5 jobs for 'java developer' in 'Austin, TX'
2025-08-23 14:05:02,941 - INFO - Scraping jobs for 'full stack developer' in 'Remote'
2025-08-23 14:05:09,285 - INFO - Found 10 jobs for 'full stack developer' in 'Remote'
2025-08-23 14:05:09,286 - INFO - Scraping jobs for 'full stack developer' in 'San Francisco, CA'
2025-08-23 14:05:10,070 - INFO - Found 5 jobs for 'full stack developer' in 'San Francisco, CA'
2025-08-23 14:05:10,070 - INFO - Scraping jobs for 'full stack developer' in 'New York, NY'
2025-08-23 14:05:11,044 - INFO - Found 5 jobs for 'full stack developer' in 'New York, NY'
2025-08-23 14:05:11,045 - INFO - Scraping jobs for 'full stack developer' in 'Seattle, WA'
2025-08-23 14:05:12,184 - INFO - Found 5 jobs for 'full stack developer' in 'Seattle, WA'
2025-08-23 14:05:12,184 - INFO - Scraping jobs for 'full stack developer' in 'Austin, TX'
2025-08-23 14:05:12,946 - INFO - Found 5 jobs for 'full stack developer' in 'Austin, TX'
2025-08-23 14:05:12,947 - INFO - Scraping jobs for 'backend developer' in 'Remote'
2025-08-23 14:05:19,545 - INFO - Found 10 jobs for 'backend developer' in 'Remote'
2025-08-23 14:05:19,546 - INFO - Scraping jobs for 'backend developer' in 'San Francisco, CA'
2025-08-23 14:05:20,868 - INFO - Found 5 jobs for 'backend developer' in 'San Francisco, CA'
2025-08-23 14:05:20,868 - INFO - Scraping jobs for 'backend developer' in 'New York, NY'
2025-08-23 14:05:21,549 - INFO - Found 5 jobs for 'backend developer' in 'New York, NY'
2025-08-23 14:05:21,550 - INFO - Scraping jobs for 'backend developer' in 'Seattle, WA'
2025-08-23 14:05:22,069 - INFO - Found 5 jobs for 'backend developer' in 'Seattle, WA'
2025-08-23 14:05:22,070 - INFO - Scraping jobs for 'backend developer' in 'Austin, TX'
2025-08-23 14:05:22,632 - INFO - Found 5 jobs for 'backend developer' in 'Austin, TX'
2025-08-23 14:05:22,632 - INFO - Scraping jobs for 'frontend developer' in 'Remote'
2025-08-23 14:05:27,225 - INFO - Found 10 jobs for 'frontend developer' in 'Remote'
2025-08-23 14:05:27,226 - INFO - Scraping jobs for 'frontend developer' in 'San Francisco, CA'
2025-08-23 14:05:27,923 - INFO - Found 5 jobs for 'frontend developer' in 'San Francisco, CA'
2025-08-23 14:05:27,924 - INFO - Scraping jobs for 'frontend developer' in 'New York, NY'
2025-08-23 14:05:28,712 - INFO - Found 5 jobs for 'frontend developer' in 'New York, NY'
2025-08-23 14:05:28,713 - INFO - Scraping jobs for 'frontend developer' in 'Seattle, WA'
2025-08-23 14:05:29,228 - INFO - Found 5 jobs for 'frontend developer' in 'Seattle, WA'
2025-08-23 14:05:29,228 - INFO - Scraping jobs for 'frontend developer' in 'Austin, TX'
2025-08-23 14:05:29,710 - INFO - Found 5 jobs for 'frontend developer' in 'Austin, TX'
2025-08-23 14:05:29,710 - INFO - Scraping jobs for 'site reliability engineer' in 'Remote'
2025-08-23 14:05:31,815 - INFO - Found 4 jobs for 'site reliability engineer' in 'Remote'
2025-08-23 14:05:31,816 - INFO - Scraping jobs for 'site reliability engineer' in 'San Francisco, CA'
2025-08-23 14:05:32,488 - INFO - Found 3 jobs for 'site reliability engineer' in 'San Francisco, CA'
2025-08-23 14:05:32,489 - INFO - Scraping jobs for 'site reliability engineer' in 'New York, NY'
2025-08-23 14:05:33,175 - INFO - Found 2 jobs for 'site reliability engineer' in 'New York, NY'
2025-08-23 14:05:33,176 - INFO - Scraping jobs for 'site reliability engineer' in 'Seattle, WA'
2025-08-23 14:05:33,772 - INFO - Found 1 jobs for 'site reliability engineer' in 'Seattle, WA'
2025-08-23 14:05:33,773 - INFO - Scraping jobs for 'site reliability engineer' in 'Austin, TX'
2025-08-23 14:05:33,963 - INFO - Scraping jobs for 'devops engineer' in 'Remote'
2025-08-23 14:05:38,068 - INFO - Found 10 jobs for 'devops engineer' in 'Remote'
2025-08-23 14:05:38,068 - INFO - Scraping jobs for 'devops engineer' in 'San Francisco, CA'
2025-08-23 14:05:38,539 - INFO - Found 5 jobs for 'devops engineer' in 'San Francisco, CA'
2025-08-23 14:05:38,539 - INFO - Scraping jobs for 'devops engineer' in 'New York, NY'
2025-08-23 14:05:39,040 - INFO - Found 5 jobs for 'devops engineer' in 'New York, NY'
2025-08-23 14:05:39,041 - INFO - Scraping jobs for 'devops engineer' in 'Seattle, WA'
2025-08-23 14:05:39,587 - INFO - Found 5 jobs for 'devops engineer' in 'Seattle, WA'
2025-08-23 14:05:39,588 - INFO - Scraping jobs for 'devops engineer' in 'Austin, TX'
2025-08-23 14:05:40,050 - INFO - Found 5 jobs for 'devops engineer' in 'Austin, TX'
2025-08-23 14:05:40,050 - INFO - Scraping jobs for 'cloud engineer' in 'Remote'
2025-08-23 14:05:46,980 - INFO - Found 10 jobs for 'cloud engineer' in 'Remote'
2025-08-23 14:05:46,981 - INFO - Scraping jobs for 'cloud engineer' in 'San Francisco, CA'
2025-08-23 14:05:48,633 - INFO - Found 5 jobs for 'cloud engineer' in 'San Francisco, CA'
2025-08-23 14:05:48,633 - INFO - Scraping jobs for 'cloud engineer' in 'New York, NY'
2025-08-23 14:05:50,293 - INFO - Found 5 jobs for 'cloud engineer' in 'New York, NY'
2025-08-23 14:05:50,294 - INFO - Scraping jobs for 'cloud engineer' in 'Seattle, WA'
2025-08-23 14:05:52,388 - INFO - Found 5 jobs for 'cloud engineer' in 'Seattle, WA'
2025-08-23 14:05:52,389 - INFO - Scraping jobs for 'cloud engineer' in 'Austin, TX'
2025-08-23 14:05:53,851 - INFO - Found 5 jobs for 'cloud engineer' in 'Austin, TX'
2025-08-23 14:05:53,852 - INFO - Total unique jobs found: 201
2025-08-23 14:05:53,878 - INFO - Jobs after filtering: 32
2025-08-23 14:05:54,860 - ERROR - Error sending email notifications: (535, b'5.7.8 Username and Password not accepted. For more information, go to\n5.7.8  https://support.google.com/mail/?p=BadCredentials af79cd13be357-7ebf2a59d5csm177131585a.34 - gsmtp')
2025-08-23 14:05:54,863 - INFO - 127.0.0.1 - - [23/Aug/2025 14:05:54] "GET /run_search HTTP/1.1" 200 -
2025-08-23 14:07:56,797 - INFO - Starting job scraping...
2025-08-23 14:07:56,806 - INFO - Scraping jobs for 'java developer' in 'Remote'
2025-08-23 14:08:04,915 - INFO - Found 10 jobs for 'java developer' in 'Remote'
2025-08-23 14:08:04,916 - INFO - Scraping jobs for 'java developer' in 'Toronto, ON'
2025-08-23 14:08:05,122 - INFO - Total unique jobs found: 10
2025-08-23 14:08:05,139 - INFO - Jobs after filtering: 0
2025-08-23 14:08:11,625 - INFO - Starting job scraping...
2025-08-23 14:08:11,626 - INFO - Scraping jobs for 'software engineer' in 'Remote'
2025-08-23 14:08:19,301 - INFO - Found 10 jobs for 'software engineer' in 'Remote'
2025-08-23 14:08:19,302 - INFO - Scraping jobs for 'software engineer' in 'San Francisco, CA'
2025-08-23 14:08:21,854 - INFO - Found 5 jobs for 'software engineer' in 'San Francisco, CA'
2025-08-23 14:08:21,855 - INFO - Scraping jobs for 'software engineer' in 'New York, NY'
2025-08-23 14:08:23,434 - INFO - Found 5 jobs for 'software engineer' in 'New York, NY'
2025-08-23 14:08:23,435 - INFO - Scraping jobs for 'software engineer' in 'Seattle, WA'
2025-08-23 14:08:25,042 - INFO - Found 5 jobs for 'software engineer' in 'Seattle, WA'
2025-08-23 14:08:25,042 - INFO - Scraping jobs for 'software engineer' in 'Austin, TX'
2025-08-23 14:08:26,709 - INFO - Found 5 jobs for 'software engineer' in 'Austin, TX'
2025-08-23 14:08:26,710 - INFO - Scraping jobs for 'python developer' in 'Remote'
2025-08-23 14:08:34,069 - INFO - Found 10 jobs for 'python developer' in 'Remote'
2025-08-23 14:08:34,069 - INFO - Scraping jobs for 'python developer' in 'San Francisco, CA'
2025-08-23 14:08:35,792 - INFO - Found 5 jobs for 'python developer' in 'San Francisco, CA'
2025-08-23 14:08:35,792 - INFO - Scraping jobs for 'python developer' in 'New York, NY'
2025-08-23 14:08:37,030 - INFO - Found 5 jobs for 'python developer' in 'New York, NY'
2025-08-23 14:08:37,031 - INFO - Scraping jobs for 'python developer' in 'Seattle, WA'
2025-08-23 14:08:38,961 - INFO - Found 5 jobs for 'python developer' in 'Seattle, WA'
2025-08-23 14:08:38,962 - INFO - Scraping jobs for 'python developer' in 'Austin, TX'
2025-08-23 14:08:39,714 - INFO - Found 5 jobs for 'python developer' in 'Austin, TX'
2025-08-23 14:08:39,714 - INFO - Scraping jobs for 'java developer' in 'Remote'
2025-08-23 14:08:46,994 - INFO - Found 10 jobs for 'java developer' in 'Remote'
2025-08-23 14:08:46,995 - INFO - Scraping jobs for 'java developer' in 'San Francisco, CA'
2025-08-23 14:08:48,076 - INFO - Found 5 jobs for 'java developer' in 'San Francisco, CA'
2025-08-23 14:08:48,077 - INFO - Scraping jobs for 'java developer' in 'New York, NY'
2025-08-23 14:08:48,917 - INFO - Found 5 jobs for 'java developer' in 'New York, NY'
2025-08-23 14:08:48,917 - INFO - Scraping jobs for 'java developer' in 'Seattle, WA'
2025-08-23 14:08:50,256 - INFO - Found 5 jobs for 'java developer' in 'Seattle, WA'
2025-08-23 14:08:50,257 - INFO - Scraping jobs for 'java developer' in 'Austin, TX'
2025-08-23 14:08:51,104 - INFO - Found 5 jobs for 'java developer' in 'Austin, TX'
2025-08-23 14:08:51,104 - INFO - Scraping jobs for 'full stack developer' in 'Remote'
2025-08-23 14:08:56,511 - INFO - Found 10 jobs for 'full stack developer' in 'Remote'
2025-08-23 14:08:56,511 - INFO - Scraping jobs for 'full stack developer' in 'San Francisco, CA'
2025-08-23 14:08:57,249 - INFO - Found 5 jobs for 'full stack developer' in 'San Francisco, CA'
2025-08-23 14:08:57,249 - INFO - Scraping jobs for 'full stack developer' in 'New York, NY'
2025-08-23 14:08:57,851 - INFO - Found 5 jobs for 'full stack developer' in 'New York, NY'
2025-08-23 14:08:57,851 - INFO - Scraping jobs for 'full stack developer' in 'Seattle, WA'
2025-08-23 14:08:59,124 - INFO - Found 5 jobs for 'full stack developer' in 'Seattle, WA'
2025-08-23 14:08:59,125 - INFO - Scraping jobs for 'full stack developer' in 'Austin, TX'
2025-08-23 14:08:59,769 - INFO - Found 5 jobs for 'full stack developer' in 'Austin, TX'
2025-08-23 14:08:59,770 - INFO - Scraping jobs for 'backend developer' in 'Remote'
2025-08-23 14:09:06,639 - INFO - Found 10 jobs for 'backend developer' in 'Remote'
2025-08-23 14:09:06,639 - INFO - Scraping jobs for 'backend developer' in 'San Francisco, CA'
2025-08-23 14:09:07,280 - INFO - Found 5 jobs for 'backend developer' in 'San Francisco, CA'
2025-08-23 14:09:07,280 - INFO - Scraping jobs for 'backend developer' in 'New York, NY'
2025-08-23 14:09:07,851 - INFO - Found 5 jobs for 'backend developer' in 'New York, NY'
2025-08-23 14:09:07,851 - INFO - Scraping jobs for 'backend developer' in 'Seattle, WA'
2025-08-23 14:09:08,499 - INFO - Found 5 jobs for 'backend developer' in 'Seattle, WA'
2025-08-23 14:09:08,501 - INFO - Scraping jobs for 'backend developer' in 'Austin, TX'
2025-08-23 14:09:08,969 - INFO - Found 5 jobs for 'backend developer' in 'Austin, TX'
2025-08-23 14:09:08,969 - INFO - Scraping jobs for 'frontend developer' in 'Remote'
2025-08-23 14:09:13,834 - INFO - Found 10 jobs for 'frontend developer' in 'Remote'
2025-08-23 14:09:13,835 - INFO - Scraping jobs for 'frontend developer' in 'San Francisco, CA'
2025-08-23 14:09:14,502 - INFO - Found 5 jobs for 'frontend developer' in 'San Francisco, CA'
2025-08-23 14:09:14,504 - INFO - Scraping jobs for 'frontend developer' in 'New York, NY'
2025-08-23 14:09:17,274 - INFO - Found 5 jobs for 'frontend developer' in 'New York, NY'
2025-08-23 14:09:17,274 - INFO - Scraping jobs for 'frontend developer' in 'Seattle, WA'
2025-08-23 14:09:17,830 - INFO - Found 5 jobs for 'frontend developer' in 'Seattle, WA'
2025-08-23 14:09:17,830 - INFO - Scraping jobs for 'frontend developer' in 'Austin, TX'
2025-08-23 14:09:18,266 - INFO - Found 5 jobs for 'frontend developer' in 'Austin, TX'
2025-08-23 14:09:18,266 - INFO - Scraping jobs for 'site reliability engineer' in 'Remote'
2025-08-23 14:09:20,041 - INFO - Found 4 jobs for 'site reliability engineer' in 'Remote'
2025-08-23 14:09:20,042 - INFO - Scraping jobs for 'site reliability engineer' in 'San Francisco, CA'
2025-08-23 14:09:20,816 - INFO - Found 3 jobs for 'site reliability engineer' in 'San Francisco, CA'
2025-08-23 14:09:20,817 - INFO - Scraping jobs for 'site reliability engineer' in 'New York, NY'
2025-08-23 14:09:21,418 - INFO - Found 2 jobs for 'site reliability engineer' in 'New York, NY'
2025-08-23 14:09:21,420 - INFO - Scraping jobs for 'site reliability engineer' in 'Seattle, WA'
2025-08-23 14:09:21,992 - INFO - Found 1 jobs for 'site reliability engineer' in 'Seattle, WA'
2025-08-23 14:09:21,992 - INFO - Scraping jobs for 'site reliability engineer' in 'Austin, TX'
2025-08-23 14:09:22,222 - INFO - Scraping jobs for 'devops engineer' in 'Remote'
2025-08-23 14:09:25,976 - INFO - Found 10 jobs for 'devops engineer' in 'Remote'
2025-08-23 14:09:25,977 - INFO - Scraping jobs for 'devops engineer' in 'San Francisco, CA'
2025-08-23 14:09:26,516 - INFO - Found 5 jobs for 'devops engineer' in 'San Francisco, CA'
2025-08-23 14:09:26,517 - INFO - Scraping jobs for 'devops engineer' in 'New York, NY'
2025-08-23 14:09:27,066 - INFO - Found 5 jobs for 'devops engineer' in 'New York, NY'
2025-08-23 14:09:27,067 - INFO - Scraping jobs for 'devops engineer' in 'Seattle, WA'
2025-08-23 14:09:27,623 - INFO - Found 5 jobs for 'devops engineer' in 'Seattle, WA'
2025-08-23 14:09:27,623 - INFO - Scraping jobs for 'devops engineer' in 'Austin, TX'
2025-08-23 14:09:28,100 - INFO - Found 5 jobs for 'devops engineer' in 'Austin, TX'
2025-08-23 14:09:28,100 - INFO - Scraping jobs for 'cloud engineer' in 'Remote'
2025-08-23 14:09:35,321 - INFO - Found 10 jobs for 'cloud engineer' in 'Remote'
2025-08-23 14:09:35,321 - INFO - Scraping jobs for 'cloud engineer' in 'San Francisco, CA'
2025-08-23 14:09:37,074 - INFO - Found 5 jobs for 'cloud engineer' in 'San Francisco, CA'
2025-08-23 14:09:37,074 - INFO - Scraping jobs for 'cloud engineer' in 'New York, NY'
2025-08-23 14:09:38,586 - INFO - Found 5 jobs for 'cloud engineer' in 'New York, NY'
2025-08-23 14:09:38,586 - INFO - Scraping jobs for 'cloud engineer' in 'Seattle, WA'
2025-08-23 14:09:40,153 - INFO - Found 5 jobs for 'cloud engineer' in 'Seattle, WA'
2025-08-23 14:09:40,154 - INFO - Scraping jobs for 'cloud engineer' in 'Austin, TX'
2025-08-23 14:09:41,971 - INFO - Found 5 jobs for 'cloud engineer' in 'Austin, TX'
2025-08-23 14:09:41,975 - INFO - Total unique jobs found: 203
2025-08-23 14:09:42,032 - INFO - Jobs after filtering: 31
2025-08-23 14:09:42,047 - INFO - 127.0.0.1 - - [23/Aug/2025 14:09:42] "GET /test_jobs HTTP/1.1" 200 -
2025-08-23 14:09:49,663 - ERROR - Error sending email notifications: (535, b'5.7.8 Username and Password not accepted. For more information, go to\n5.7.8  https://support.google.com/mail/?p=BadCredentials 6a1803df08f44-70da72b6616sm17042756d6.59 - gsmtp')
2025-08-23 14:09:49,667 - INFO - 127.0.0.1 - - [23/Aug/2025 14:09:49] "GET /test_email HTTP/1.1" 200 -
2025-08-23 14:09:54,755 - INFO - Starting job scraping...
2025-08-23 14:09:54,756 - INFO - Scraping jobs for 'software engineer' in 'Remote'
2025-08-23 14:10:01,993 - INFO - Found 10 jobs for 'software engineer' in 'Remote'
2025-08-23 14:10:01,994 - INFO - Scraping jobs for 'software engineer' in 'San Francisco, CA'
2025-08-23 14:10:03,612 - INFO - Found 5 jobs for 'software engineer' in 'San Francisco, CA'
2025-08-23 14:10:03,612 - INFO - Scraping jobs for 'software engineer' in 'New York, NY'
2025-08-23 14:10:04,947 - INFO - Found 5 jobs for 'software engineer' in 'New York, NY'
2025-08-23 14:10:04,947 - INFO - Scraping jobs for 'software engineer' in 'Seattle, WA'
2025-08-23 14:10:06,362 - INFO - Found 5 jobs for 'software engineer' in 'Seattle, WA'
2025-08-23 14:10:06,362 - INFO - Scraping jobs for 'software engineer' in 'Austin, TX'
2025-08-23 14:10:08,434 - INFO - Found 5 jobs for 'software engineer' in 'Austin, TX'
2025-08-23 14:10:08,434 - INFO - Scraping jobs for 'python developer' in 'Remote'
2025-08-23 14:10:15,083 - INFO - Found 10 jobs for 'python developer' in 'Remote'
2025-08-23 14:10:15,084 - INFO - Scraping jobs for 'python developer' in 'San Francisco, CA'
2025-08-23 14:10:16,595 - INFO - Found 5 jobs for 'python developer' in 'San Francisco, CA'
2025-08-23 14:10:16,596 - INFO - Scraping jobs for 'python developer' in 'New York, NY'
2025-08-23 14:10:17,636 - INFO - Found 5 jobs for 'python developer' in 'New York, NY'
2025-08-23 14:10:17,636 - INFO - Scraping jobs for 'python developer' in 'Seattle, WA'
2025-08-23 14:10:19,131 - INFO - Found 5 jobs for 'python developer' in 'Seattle, WA'
2025-08-23 14:10:19,132 - INFO - Scraping jobs for 'python developer' in 'Austin, TX'
2025-08-23 14:10:19,855 - INFO - Found 5 jobs for 'python developer' in 'Austin, TX'
2025-08-23 14:10:19,855 - INFO - Scraping jobs for 'java developer' in 'Remote'
2025-08-23 14:10:26,526 - INFO - Found 10 jobs for 'java developer' in 'Remote'
2025-08-23 14:10:26,526 - INFO - Scraping jobs for 'java developer' in 'San Francisco, CA'
2025-08-23 14:10:27,392 - INFO - Found 5 jobs for 'java developer' in 'San Francisco, CA'
2025-08-23 14:10:27,392 - INFO - Scraping jobs for 'java developer' in 'New York, NY'
2025-08-23 14:10:28,221 - INFO - Found 5 jobs for 'java developer' in 'New York, NY'
2025-08-23 14:10:28,222 - INFO - Scraping jobs for 'java developer' in 'Seattle, WA'
2025-08-23 14:10:29,606 - INFO - Found 5 jobs for 'java developer' in 'Seattle, WA'
2025-08-23 14:10:29,606 - INFO - Scraping jobs for 'java developer' in 'Austin, TX'
2025-08-23 14:10:30,596 - INFO - Found 5 jobs for 'java developer' in 'Austin, TX'
2025-08-23 14:10:30,597 - INFO - Scraping jobs for 'full stack developer' in 'Remote'
2025-08-23 14:10:36,279 - INFO - Found 10 jobs for 'full stack developer' in 'Remote'
2025-08-23 14:10:36,279 - INFO - Scraping jobs for 'full stack developer' in 'San Francisco, CA'
2025-08-23 14:10:37,071 - INFO - Found 5 jobs for 'full stack developer' in 'San Francisco, CA'
2025-08-23 14:10:37,072 - INFO - Scraping jobs for 'full stack developer' in 'New York, NY'
2025-08-23 14:10:37,830 - INFO - Found 5 jobs for 'full stack developer' in 'New York, NY'
2025-08-23 14:10:37,830 - INFO - Scraping jobs for 'full stack developer' in 'Seattle, WA'
2025-08-23 14:10:38,935 - INFO - Found 5 jobs for 'full stack developer' in 'Seattle, WA'
2025-08-23 14:10:38,935 - INFO - Scraping jobs for 'full stack developer' in 'Austin, TX'
2025-08-23 14:10:39,632 - INFO - Found 5 jobs for 'full stack developer' in 'Austin, TX'
2025-08-23 14:10:39,633 - INFO - Scraping jobs for 'backend developer' in 'Remote'
2025-08-23 14:10:46,677 - INFO - Found 10 jobs for 'backend developer' in 'Remote'
2025-08-23 14:10:46,677 - INFO - Scraping jobs for 'backend developer' in 'San Francisco, CA'
2025-08-23 14:10:47,318 - INFO - Found 5 jobs for 'backend developer' in 'San Francisco, CA'
2025-08-23 14:10:47,319 - INFO - Scraping jobs for 'backend developer' in 'New York, NY'
2025-08-23 14:10:47,842 - INFO - Found 5 jobs for 'backend developer' in 'New York, NY'
2025-08-23 14:10:47,842 - INFO - Scraping jobs for 'backend developer' in 'Seattle, WA'
2025-08-23 14:10:48,326 - INFO - Found 5 jobs for 'backend developer' in 'Seattle, WA'
2025-08-23 14:10:48,327 - INFO - Scraping jobs for 'backend developer' in 'Austin, TX'
2025-08-23 14:10:48,729 - INFO - Found 5 jobs for 'backend developer' in 'Austin, TX'
2025-08-23 14:10:48,729 - INFO - Scraping jobs for 'frontend developer' in 'Remote'
2025-08-23 14:10:54,787 - INFO - Found 10 jobs for 'frontend developer' in 'Remote'
2025-08-23 14:10:54,788 - INFO - Scraping jobs for 'frontend developer' in 'San Francisco, CA'
2025-08-23 14:10:55,469 - INFO - Found 5 jobs for 'frontend developer' in 'San Francisco, CA'
2025-08-23 14:10:55,470 - INFO - Scraping jobs for 'frontend developer' in 'New York, NY'
2025-08-23 14:10:56,350 - INFO - Found 5 jobs for 'frontend developer' in 'New York, NY'
2025-08-23 14:10:56,351 - INFO - Scraping jobs for 'frontend developer' in 'Seattle, WA'
2025-08-23 14:10:56,970 - INFO - Found 5 jobs for 'frontend developer' in 'Seattle, WA'
2025-08-23 14:10:56,970 - INFO - Scraping jobs for 'frontend developer' in 'Austin, TX'
2025-08-23 14:10:57,679 - INFO - Found 5 jobs for 'frontend developer' in 'Austin, TX'
2025-08-23 14:10:57,680 - INFO - Scraping jobs for 'site reliability engineer' in 'Remote'
2025-08-23 14:10:59,496 - INFO - Found 4 jobs for 'site reliability engineer' in 'Remote'
2025-08-23 14:10:59,497 - INFO - Scraping jobs for 'site reliability engineer' in 'San Francisco, CA'
2025-08-23 14:11:00,061 - INFO - Found 3 jobs for 'site reliability engineer' in 'San Francisco, CA'
2025-08-23 14:11:00,061 - INFO - Scraping jobs for 'site reliability engineer' in 'New York, NY'
2025-08-23 14:11:00,846 - INFO - Found 2 jobs for 'site reliability engineer' in 'New York, NY'
2025-08-23 14:11:00,846 - INFO - Scraping jobs for 'site reliability engineer' in 'Seattle, WA'
2025-08-23 14:11:01,558 - INFO - Found 1 jobs for 'site reliability engineer' in 'Seattle, WA'
2025-08-23 14:11:01,561 - INFO - Scraping jobs for 'site reliability engineer' in 'Austin, TX'
2025-08-23 14:11:01,993 - INFO - Scraping jobs for 'devops engineer' in 'Remote'
2025-08-23 14:11:06,742 - INFO - Found 10 jobs for 'devops engineer' in 'Remote'
2025-08-23 14:11:06,743 - INFO - Scraping jobs for 'devops engineer' in 'San Francisco, CA'
2025-08-23 14:11:07,259 - INFO - Found 5 jobs for 'devops engineer' in 'San Francisco, CA'
2025-08-23 14:11:07,259 - INFO - Scraping jobs for 'devops engineer' in 'New York, NY'
2025-08-23 14:11:07,843 - INFO - Found 5 jobs for 'devops engineer' in 'New York, NY'
2025-08-23 14:11:07,844 - INFO - Scraping jobs for 'devops engineer' in 'Seattle, WA'
2025-08-23 14:11:08,783 - INFO - Found 5 jobs for 'devops engineer' in 'Seattle, WA'
2025-08-23 14:11:08,784 - INFO - Scraping jobs for 'devops engineer' in 'Austin, TX'
2025-08-23 14:11:09,225 - INFO - Found 5 jobs for 'devops engineer' in 'Austin, TX'
2025-08-23 14:11:09,226 - INFO - Scraping jobs for 'cloud engineer' in 'Remote'
2025-08-23 14:11:38,538 - INFO - Found 10 jobs for 'cloud engineer' in 'Remote'
2025-08-23 14:11:38,576 - INFO - Scraping jobs for 'cloud engineer' in 'San Francisco, CA'
2025-08-23 14:11:41,649 - INFO - Found 5 jobs for 'cloud engineer' in 'San Francisco, CA'
2025-08-23 14:11:41,649 - INFO - Scraping jobs for 'cloud engineer' in 'New York, NY'
2025-08-23 14:11:45,115 - INFO - Found 5 jobs for 'cloud engineer' in 'New York, NY'
2025-08-23 14:11:45,116 - INFO - Scraping jobs for 'cloud engineer' in 'Seattle, WA'
2025-08-23 14:11:47,934 - INFO - Found 5 jobs for 'cloud engineer' in 'Seattle, WA'
2025-08-23 14:11:47,936 - INFO - Scraping jobs for 'cloud engineer' in 'Austin, TX'
2025-08-23 14:11:50,361 - INFO - Found 5 jobs for 'cloud engineer' in 'Austin, TX'
2025-08-23 14:11:50,364 - INFO - Total unique jobs found: 204
2025-08-23 14:11:50,410 - INFO - Jobs after filtering: 36
2025-08-23 14:11:51,210 - ERROR - Error sending email notifications: (535, b'5.7.8 Username and Password not accepted. For more information, go to\n5.7.8  https://support.google.com/mail/?p=BadCredentials af79cd13be357-7ebf2868788sm180633985a.44 - gsmtp')
2025-08-23 14:11:51,212 - INFO - 127.0.0.1 - - [23/Aug/2025 14:11:51] "GET /run_search HTTP/1.1" 200 -
2025-08-23 14:22:05,658 - INFO - 127.0.0.1 - - [23/Aug/2025 14:22:05] "GET / HTTP/1.1" 200 -
2025-08-23 14:22:10,123 - ERROR - Error sending email notifications: (535, b'5.7.8 Username and Password not accepted. For more information, go to\n5.7.8  https://support.google.com/mail/?p=BadCredentials af79cd13be357-7ebf35f00a1sm181433585a.53 - gsmtp')
2025-08-23 14:22:10,125 - INFO - 127.0.0.1 - - [23/Aug/2025 14:22:10] "GET /test_email HTTP/1.1" 200 -
2025-08-23 14:22:32,685 - INFO - 127.0.0.1 - - [23/Aug/2025 14:22:32] "GET / HTTP/1.1" 200 -
2025-08-23 14:22:51,161 - INFO - Starting job scraping...
2025-08-23 14:22:51,164 - INFO - Scraping jobs for 'software engineer' in 'Remote'
2025-08-23 14:23:01,638 - INFO - Found 10 jobs for 'software engineer' in 'Remote'
2025-08-23 14:23:01,639 - INFO - Scraping jobs for 'software engineer' in 'San Francisco, CA'
2025-08-23 14:23:03,799 - INFO - Found 5 jobs for 'software engineer' in 'San Francisco, CA'
2025-08-23 14:23:03,800 - INFO - Scraping jobs for 'software engineer' in 'New York, NY'
2025-08-23 14:23:05,785 - INFO - Found 5 jobs for 'software engineer' in 'New York, NY'
2025-08-23 14:23:05,785 - INFO - Scraping jobs for 'software engineer' in 'Seattle, WA'
2025-08-23 14:23:07,420 - INFO - Found 5 jobs for 'software engineer' in 'Seattle, WA'
2025-08-23 14:23:07,421 - INFO - Scraping jobs for 'software engineer' in 'Austin, TX'
2025-08-23 14:23:09,343 - INFO - Found 5 jobs for 'software engineer' in 'Austin, TX'
2025-08-23 14:23:09,343 - INFO - Scraping jobs for 'python developer' in 'Remote'
2025-08-23 14:23:16,066 - INFO - Found 10 jobs for 'python developer' in 'Remote'
2025-08-23 14:23:16,066 - INFO - Scraping jobs for 'python developer' in 'San Francisco, CA'
2025-08-23 14:23:17,774 - INFO - Found 5 jobs for 'python developer' in 'San Francisco, CA'
2025-08-23 14:23:17,774 - INFO - Scraping jobs for 'python developer' in 'New York, NY'
2025-08-23 14:23:19,143 - INFO - Found 5 jobs for 'python developer' in 'New York, NY'
2025-08-23 14:23:19,144 - INFO - Scraping jobs for 'python developer' in 'Seattle, WA'
2025-08-23 14:23:20,456 - INFO - Found 5 jobs for 'python developer' in 'Seattle, WA'
2025-08-23 14:23:20,456 - INFO - Scraping jobs for 'python developer' in 'Austin, TX'
2025-08-23 14:23:21,131 - INFO - Found 5 jobs for 'python developer' in 'Austin, TX'
2025-08-23 14:23:21,131 - INFO - Scraping jobs for 'java developer' in 'Remote'
2025-08-23 14:23:27,433 - INFO - Found 10 jobs for 'java developer' in 'Remote'
2025-08-23 14:23:27,434 - INFO - Scraping jobs for 'java developer' in 'San Francisco, CA'
2025-08-23 14:23:28,437 - INFO - Found 5 jobs for 'java developer' in 'San Francisco, CA'
2025-08-23 14:23:28,438 - INFO - Scraping jobs for 'java developer' in 'New York, NY'
2025-08-23 14:23:29,275 - INFO - Found 5 jobs for 'java developer' in 'New York, NY'
2025-08-23 14:23:29,275 - INFO - Scraping jobs for 'java developer' in 'Seattle, WA'
2025-08-23 14:23:30,487 - INFO - Found 5 jobs for 'java developer' in 'Seattle, WA'
2025-08-23 14:23:30,488 - INFO - Scraping jobs for 'java developer' in 'Austin, TX'
2025-08-23 14:23:31,529 - INFO - Found 5 jobs for 'java developer' in 'Austin, TX'
2025-08-23 14:23:31,530 - INFO - Scraping jobs for 'full stack developer' in 'Remote'
2025-08-23 14:23:37,031 - INFO - Found 10 jobs for 'full stack developer' in 'Remote'
2025-08-23 14:23:37,031 - INFO - Scraping jobs for 'full stack developer' in 'San Francisco, CA'
2025-08-23 14:23:37,796 - INFO - Found 5 jobs for 'full stack developer' in 'San Francisco, CA'
2025-08-23 14:23:37,796 - INFO - Scraping jobs for 'full stack developer' in 'New York, NY'
2025-08-23 14:23:38,405 - INFO - Found 5 jobs for 'full stack developer' in 'New York, NY'
2025-08-23 14:23:38,405 - INFO - Scraping jobs for 'full stack developer' in 'Seattle, WA'
2025-08-23 14:23:39,279 - INFO - Found 5 jobs for 'full stack developer' in 'Seattle, WA'
2025-08-23 14:23:39,279 - INFO - Scraping jobs for 'full stack developer' in 'Austin, TX'
2025-08-23 14:23:40,165 - INFO - Found 5 jobs for 'full stack developer' in 'Austin, TX'
2025-08-23 14:23:40,165 - INFO - Scraping jobs for 'backend developer' in 'Remote'
2025-08-23 14:23:46,868 - INFO - Found 10 jobs for 'backend developer' in 'Remote'
2025-08-23 14:23:46,868 - INFO - Scraping jobs for 'backend developer' in 'San Francisco, CA'
2025-08-23 14:23:47,655 - INFO - Found 5 jobs for 'backend developer' in 'San Francisco, CA'
2025-08-23 14:23:47,656 - INFO - Scraping jobs for 'backend developer' in 'New York, NY'
2025-08-23 14:23:48,293 - INFO - Found 5 jobs for 'backend developer' in 'New York, NY'
2025-08-23 14:23:48,294 - INFO - Scraping jobs for 'backend developer' in 'Seattle, WA'
2025-08-23 14:23:48,858 - INFO - Found 5 jobs for 'backend developer' in 'Seattle, WA'
2025-08-23 14:23:48,858 - INFO - Scraping jobs for 'backend developer' in 'Austin, TX'
2025-08-23 14:23:49,362 - INFO - Found 5 jobs for 'backend developer' in 'Austin, TX'
2025-08-23 14:23:49,362 - INFO - Scraping jobs for 'frontend developer' in 'Remote'
2025-08-23 14:23:53,827 - INFO - Found 10 jobs for 'frontend developer' in 'Remote'
2025-08-23 14:23:53,828 - INFO - Scraping jobs for 'frontend developer' in 'San Francisco, CA'
2025-08-23 14:23:54,560 - INFO - Found 5 jobs for 'frontend developer' in 'San Francisco, CA'
2025-08-23 14:23:54,561 - INFO - Scraping jobs for 'frontend developer' in 'New York, NY'
2025-08-23 14:23:55,132 - INFO - Found 5 jobs for 'frontend developer' in 'New York, NY'
2025-08-23 14:23:55,133 - INFO - Scraping jobs for 'frontend developer' in 'Seattle, WA'
2025-08-23 14:23:55,853 - INFO - Found 5 jobs for 'frontend developer' in 'Seattle, WA'
2025-08-23 14:23:55,853 - INFO - Scraping jobs for 'frontend developer' in 'Austin, TX'
2025-08-23 14:23:56,387 - INFO - Found 5 jobs for 'frontend developer' in 'Austin, TX'
2025-08-23 14:23:56,388 - INFO - Scraping jobs for 'site reliability engineer' in 'Remote'
2025-08-23 14:23:58,131 - INFO - Found 4 jobs for 'site reliability engineer' in 'Remote'
2025-08-23 14:23:58,131 - INFO - Scraping jobs for 'site reliability engineer' in 'San Francisco, CA'
2025-08-23 14:23:58,786 - INFO - Found 4 jobs for 'site reliability engineer' in 'San Francisco, CA'
2025-08-23 14:23:58,788 - INFO - Scraping jobs for 'site reliability engineer' in 'New York, NY'
2025-08-23 14:23:59,640 - INFO - Found 2 jobs for 'site reliability engineer' in 'New York, NY'
2025-08-23 14:23:59,641 - INFO - Scraping jobs for 'site reliability engineer' in 'Seattle, WA'
2025-08-23 14:24:00,140 - INFO - Found 1 jobs for 'site reliability engineer' in 'Seattle, WA'
2025-08-23 14:24:00,142 - INFO - Scraping jobs for 'site reliability engineer' in 'Austin, TX'
2025-08-23 14:24:00,384 - INFO - Scraping jobs for 'devops engineer' in 'Remote'
2025-08-23 14:24:03,989 - INFO - Found 10 jobs for 'devops engineer' in 'Remote'
2025-08-23 14:24:03,990 - INFO - Scraping jobs for 'devops engineer' in 'San Francisco, CA'
2025-08-23 14:24:04,462 - INFO - Found 5 jobs for 'devops engineer' in 'San Francisco, CA'
2025-08-23 14:24:04,462 - INFO - Scraping jobs for 'devops engineer' in 'New York, NY'
2025-08-23 14:24:04,926 - INFO - Found 5 jobs for 'devops engineer' in 'New York, NY'
2025-08-23 14:24:04,926 - INFO - Scraping jobs for 'devops engineer' in 'Seattle, WA'
2025-08-23 14:24:05,370 - INFO - Found 5 jobs for 'devops engineer' in 'Seattle, WA'
2025-08-23 14:24:05,370 - INFO - Scraping jobs for 'devops engineer' in 'Austin, TX'
2025-08-23 14:24:05,734 - INFO - Found 5 jobs for 'devops engineer' in 'Austin, TX'
2025-08-23 14:24:05,734 - INFO - Scraping jobs for 'cloud engineer' in 'Remote'
2025-08-23 14:24:12,186 - INFO - Found 10 jobs for 'cloud engineer' in 'Remote'
2025-08-23 14:24:12,188 - INFO - Scraping jobs for 'cloud engineer' in 'San Francisco, CA'
2025-08-23 14:24:13,842 - INFO - Found 5 jobs for 'cloud engineer' in 'San Francisco, CA'
2025-08-23 14:24:13,843 - INFO - Scraping jobs for 'cloud engineer' in 'New York, NY'
2025-08-23 14:24:15,463 - INFO - Found 5 jobs for 'cloud engineer' in 'New York, NY'
2025-08-23 14:24:15,464 - INFO - Scraping jobs for 'cloud engineer' in 'Seattle, WA'
2025-08-23 14:24:16,928 - INFO - Found 5 jobs for 'cloud engineer' in 'Seattle, WA'
2025-08-23 14:24:16,929 - INFO - Scraping jobs for 'cloud engineer' in 'Austin, TX'
2025-08-23 14:24:18,498 - INFO - Found 5 jobs for 'cloud engineer' in 'Austin, TX'
2025-08-23 14:24:18,500 - INFO - Total unique jobs found: 199
2025-08-23 14:24:18,530 - INFO - Jobs after filtering: 36
2025-08-23 14:24:19,252 - ERROR - Error sending email notifications: (535, b'5.7.8 Username and Password not accepted. For more information, go to\n5.7.8  https://support.google.com/mail/?p=BadCredentials 6a1803df08f44-70da72b6621sm17156466d6.55 - gsmtp')
2025-08-23 14:24:19,254 - INFO - 127.0.0.1 - - [23/Aug/2025 14:24:19] "GET /run_search HTTP/1.1" 200 -
2025-08-23 14:39:47,805 - INFO - [31m[1mWARNING: This is a development server. Do not use it in a production deployment. Use a production WSGI server instead.[0m
 * Running on all addresses (0.0.0.0)
 * Running on http://127.0.0.1:5000
 * Running on http://192.168.2.63:5000
2025-08-23 14:39:47,805 - INFO - [33mPress CTRL+C to quit[0m
2025-08-23 14:40:04,414 - INFO - Email sent to pratapvarunmjk@gmail.com
2025-08-23 14:40:05,089 - INFO - Email sent to pratapvarunm@gmail.com
2025-08-23 14:40:06,010 - INFO - Email sent to hemanthtarun@gmail.com
2025-08-23 14:40:06,831 - INFO - Email sent to mannemtarun51@gmail.com
2025-08-23 14:40:07,649 - INFO - Email sent to contact.hemanth550@gmail.com
2025-08-23 14:40:07,719 - INFO - 127.0.0.1 - - [23/Aug/2025 14:40:07] "GET /test_email HTTP/1.1" 200 -
2025-08-23 14:40:13,551 - INFO - Starting job scraping...
2025-08-23 14:40:13,552 - INFO - Scraping jobs for 'software engineer' in 'Remote'
2025-08-23 14:40:20,811 - INFO - Found 40 jobs for 'software engineer' in 'Remote'
2025-08-23 14:40:20,812 - INFO - Scraping jobs for 'software engineer' in 'San Francisco, CA'
2025-08-23 14:40:22,689 - INFO - Found 20 jobs for 'software engineer' in 'San Francisco, CA'
2025-08-23 14:40:22,690 - INFO - Scraping jobs for 'software engineer' in 'New York, NY'
2025-08-23 14:40:24,746 - INFO - Found 20 jobs for 'software engineer' in 'New York, NY'
2025-08-23 14:40:24,747 - INFO - Scraping jobs for 'software engineer' in 'Seattle, WA'
2025-08-23 14:40:26,421 - INFO - Found 20 jobs for 'software engineer' in 'Seattle, WA'
2025-08-23 14:40:26,421 - INFO - Scraping jobs for 'software engineer' in 'Austin, TX'
2025-08-23 14:40:28,075 - INFO - Found 20 jobs for 'software engineer' in 'Austin, TX'
2025-08-23 14:40:28,076 - INFO - Scraping jobs for 'python developer' in 'Remote'
2025-08-23 14:40:35,111 - INFO - Found 34 jobs for 'python developer' in 'Remote'
2025-08-23 14:40:35,112 - INFO - Scraping jobs for 'python developer' in 'San Francisco, CA'
2025-08-23 14:40:36,931 - INFO - Found 20 jobs for 'python developer' in 'San Francisco, CA'
2025-08-23 14:40:36,931 - INFO - Scraping jobs for 'python developer' in 'New York, NY'
2025-08-23 14:40:38,365 - INFO - Found 20 jobs for 'python developer' in 'New York, NY'
2025-08-23 14:40:38,366 - INFO - Scraping jobs for 'python developer' in 'Seattle, WA'
2025-08-23 14:40:39,875 - INFO - Found 20 jobs for 'python developer' in 'Seattle, WA'
2025-08-23 14:40:39,875 - INFO - Scraping jobs for 'python developer' in 'Austin, TX'
2025-08-23 14:40:40,616 - INFO - Found 20 jobs for 'python developer' in 'Austin, TX'
2025-08-23 14:40:40,617 - INFO - Scraping jobs for 'java developer' in 'Remote'
2025-08-23 14:40:48,397 - INFO - Found 32 jobs for 'java developer' in 'Remote'
2025-08-23 14:40:48,398 - INFO - Scraping jobs for 'java developer' in 'San Francisco, CA'
2025-08-23 14:40:49,525 - INFO - Found 20 jobs for 'java developer' in 'San Francisco, CA'
2025-08-23 14:40:49,526 - INFO - Scraping jobs for 'java developer' in 'New York, NY'
2025-08-23 14:40:50,433 - INFO - Found 20 jobs for 'java developer' in 'New York, NY'
2025-08-23 14:40:50,433 - INFO - Scraping jobs for 'java developer' in 'Seattle, WA'
2025-08-23 14:40:52,040 - INFO - Found 20 jobs for 'java developer' in 'Seattle, WA'
2025-08-23 14:40:52,040 - INFO - Scraping jobs for 'java developer' in 'Austin, TX'
2025-08-23 14:40:52,908 - INFO - Found 20 jobs for 'java developer' in 'Austin, TX'
2025-08-23 14:40:52,909 - INFO - Scraping jobs for 'full stack developer' in 'Remote'
2025-08-23 14:40:58,595 - INFO - Found 36 jobs for 'full stack developer' in 'Remote'
2025-08-23 14:40:58,595 - INFO - Scraping jobs for 'full stack developer' in 'San Francisco, CA'
2025-08-23 14:40:59,316 - INFO - Found 20 jobs for 'full stack developer' in 'San Francisco, CA'
2025-08-23 14:40:59,316 - INFO - Scraping jobs for 'full stack developer' in 'New York, NY'
2025-08-23 14:40:59,884 - INFO - Found 20 jobs for 'full stack developer' in 'New York, NY'
2025-08-23 14:40:59,884 - INFO - Scraping jobs for 'full stack developer' in 'Seattle, WA'
2025-08-23 14:41:00,951 - INFO - Found 20 jobs for 'full stack developer' in 'Seattle, WA'
2025-08-23 14:41:00,952 - INFO - Scraping jobs for 'full stack developer' in 'Austin, TX'
2025-08-23 14:41:01,733 - INFO - Found 20 jobs for 'full stack developer' in 'Austin, TX'
2025-08-23 14:41:01,734 - INFO - Scraping jobs for 'backend developer' in 'Remote'
2025-08-23 14:41:09,343 - INFO - Found 36 jobs for 'backend developer' in 'Remote'
2025-08-23 14:41:09,344 - INFO - Scraping jobs for 'backend developer' in 'San Francisco, CA'
2025-08-23 14:41:10,147 - INFO - Found 20 jobs for 'backend developer' in 'San Francisco, CA'
2025-08-23 14:41:10,148 - INFO - Scraping jobs for 'backend developer' in 'New York, NY'
2025-08-23 14:41:11,661 - INFO - Found 19 jobs for 'backend developer' in 'New York, NY'
2025-08-23 14:41:11,713 - INFO - Scraping jobs for 'backend developer' in 'Seattle, WA'
2025-08-23 14:41:14,481 - INFO - Found 13 jobs for 'backend developer' in 'Seattle, WA'
2025-08-23 14:41:14,719 - INFO - Scraping jobs for 'backend developer' in 'Austin, TX'
2025-08-23 14:41:18,373 - INFO - Found 6 jobs for 'backend developer' in 'Austin, TX'
2025-08-23 14:41:18,596 - INFO - Scraping jobs for 'frontend developer' in 'Remote'
2025-08-23 14:41:37,395 - INFO - Found 25 jobs for 'frontend developer' in 'Remote'
2025-08-23 14:41:37,396 - INFO - Scraping jobs for 'frontend developer' in 'San Francisco, CA'
2025-08-23 14:41:38,915 - INFO - Found 20 jobs for 'frontend developer' in 'San Francisco, CA'
2025-08-23 14:41:38,916 - INFO - Scraping jobs for 'frontend developer' in 'New York, NY'
2025-08-23 14:41:40,093 - INFO - Found 18 jobs for 'frontend developer' in 'New York, NY'
2025-08-23 14:41:40,095 - INFO - Scraping jobs for 'frontend developer' in 'Seattle, WA'
2025-08-23 14:41:41,068 - INFO - Found 18 jobs for 'frontend developer' in 'Seattle, WA'
2025-08-23 14:41:41,068 - INFO - Scraping jobs for 'frontend developer' in 'Austin, TX'
2025-08-23 14:41:42,003 - INFO - Found 6 jobs for 'frontend developer' in 'Austin, TX'
2025-08-23 14:41:42,004 - INFO - Scraping jobs for 'site reliability engineer' in 'Remote'
2025-08-23 14:41:43,921 - INFO - Found 4 jobs for 'site reliability engineer' in 'Remote'
2025-08-23 14:41:43,921 - INFO - Scraping jobs for 'site reliability engineer' in 'San Francisco, CA'
2025-08-23 14:41:44,920 - INFO - Found 4 jobs for 'site reliability engineer' in 'San Francisco, CA'
2025-08-23 14:41:44,920 - INFO - Scraping jobs for 'site reliability engineer' in 'New York, NY'
2025-08-23 14:41:45,396 - INFO - Found 2 jobs for 'site reliability engineer' in 'New York, NY'
2025-08-23 14:41:45,397 - INFO - Scraping jobs for 'site reliability engineer' in 'Seattle, WA'
2025-08-23 14:41:45,993 - INFO - Found 1 jobs for 'site reliability engineer' in 'Seattle, WA'
2025-08-23 14:41:45,994 - INFO - Scraping jobs for 'site reliability engineer' in 'Austin, TX'
2025-08-23 14:41:46,202 - INFO - Scraping jobs for 'devops engineer' in 'Remote'
2025-08-23 14:41:49,433 - INFO - Found 16 jobs for 'devops engineer' in 'Remote'
2025-08-23 14:41:49,433 - INFO - Scraping jobs for 'devops engineer' in 'San Francisco, CA'
2025-08-23 14:41:51,338 - INFO - Found 14 jobs for 'devops engineer' in 'San Francisco, CA'
2025-08-23 14:41:51,339 - INFO - Scraping jobs for 'devops engineer' in 'New York, NY'
2025-08-23 14:41:52,118 - INFO - Found 8 jobs for 'devops engineer' in 'New York, NY'
2025-08-23 14:41:52,120 - INFO - Scraping jobs for 'devops engineer' in 'Seattle, WA'
2025-08-23 14:41:53,226 - INFO - Found 12 jobs for 'devops engineer' in 'Seattle, WA'
2025-08-23 14:41:53,227 - INFO - Scraping jobs for 'devops engineer' in 'Austin, TX'
2025-08-23 14:41:53,968 - INFO - Found 8 jobs for 'devops engineer' in 'Austin, TX'
2025-08-23 14:41:53,969 - INFO - Scraping jobs for 'cloud engineer' in 'Remote'
2025-08-23 14:42:01,773 - INFO - Found 40 jobs for 'cloud engineer' in 'Remote'
2025-08-23 14:42:01,773 - INFO - Scraping jobs for 'cloud engineer' in 'San Francisco, CA'
2025-08-23 14:42:03,739 - INFO - Found 20 jobs for 'cloud engineer' in 'San Francisco, CA'
2025-08-23 14:42:03,741 - INFO - Scraping jobs for 'cloud engineer' in 'New York, NY'
2025-08-23 14:42:05,888 - INFO - Found 20 jobs for 'cloud engineer' in 'New York, NY'
2025-08-23 14:42:05,888 - INFO - Scraping jobs for 'cloud engineer' in 'Seattle, WA'
2025-08-23 14:42:07,448 - INFO - Found 20 jobs for 'cloud engineer' in 'Seattle, WA'
2025-08-23 14:42:07,449 - INFO - Scraping jobs for 'cloud engineer' in 'Austin, TX'
2025-08-23 14:42:10,973 - INFO - Found 20 jobs for 'cloud engineer' in 'Austin, TX'
2025-08-23 14:42:10,975 - INFO - Total unique jobs found: 601
2025-08-23 14:42:11,056 - INFO - Jobs after filtering: 116
2025-08-23 14:42:12,616 - INFO - Email sent to pratapvarunmjk@gmail.com
2025-08-23 14:42:13,424 - INFO - Email sent to pratapvarunm@gmail.com
2025-08-23 14:42:14,318 - INFO - Email sent to hemanthtarun@gmail.com
2025-08-23 14:42:15,346 - INFO - Email sent to mannemtarun51@gmail.com
2025-08-23 14:42:16,157 - INFO - Email sent to contact.hemanth550@gmail.com
2025-08-23 14:42:16,266 - INFO - 127.0.0.1 - - [23/Aug/2025 14:42:16] "GET /run_search HTTP/1.1" 200 -
2025-08-23 14:47:03,112 - INFO - 127.0.0.1 - - [23/Aug/2025 14:47:03] "GET / HTTP/1.1" 200 -
2025-08-23 14:47:09,776 - INFO - 127.0.0.1 - - [23/Aug/2025 14:47:09] "GET /config HTTP/1.1" 200 -
2025-08-23 14:47:18,553 - INFO - 127.0.0.1 - - [23/Aug/2025 14:47:18] "GET / HTTP/1.1" 200 -
2025-08-23 14:47:21,360 - INFO - 127.0.0.1 - - [23/Aug/2025 14:47:21] "GET /config HTTP/1.1" 200 -
2025-08-23 14:47:24,481 - INFO - 127.0.0.1 - - [23/Aug/2025 14:47:24] "GET / HTTP/1.1" 200 -
2025-08-23 16:53:25,644 - INFO - Starting job monitoring every 15 minutes
2025-08-23 16:53:25,645 - INFO - ==================================================
2025-08-23 16:53:25,645 - INFO - Starting job check cycle
2025-08-23 16:53:25,645 - INFO - Starting job scraping...
2025-08-23 16:53:25,646 - INFO - Scraping jobs for 'software engineer' in 'Remote'
2025-08-23 16:53:31,231 - INFO - Other sites: Found 20 jobs
2025-08-23 16:53:31,231 - INFO - Scraping jobs for 'software engineer' in 'San Francisco, CA'
2025-08-23 16:53:32,412 - INFO - Other sites: Found 10 jobs
2025-08-23 16:53:32,412 - INFO - Scraping jobs for 'software engineer' in 'New York, NY'
2025-08-23 16:53:33,572 - INFO - Other sites: Found 10 jobs
2025-08-23 16:53:33,573 - INFO - Scraping jobs for 'software engineer' in 'Seattle, WA'
2025-08-23 16:53:34,575 - INFO - Other sites: Found 10 jobs
2025-08-23 16:53:34,575 - INFO - Scraping jobs for 'software engineer' in 'Austin, TX'
2025-08-23 16:53:35,617 - INFO - Other sites: Found 10 jobs
2025-08-23 16:53:35,618 - INFO - Scraping jobs for 'python developer' in 'Remote'
2025-08-23 16:53:40,622 - INFO - Other sites: Found 18 jobs
2025-08-23 16:53:40,622 - INFO - Scraping jobs for 'python developer' in 'San Francisco, CA'
2025-08-23 16:53:41,582 - INFO - Other sites: Found 10 jobs
2025-08-23 16:53:41,582 - INFO - Scraping jobs for 'python developer' in 'New York, NY'
2025-08-23 16:53:42,233 - INFO - Other sites: Found 10 jobs
2025-08-23 16:53:42,234 - INFO - Scraping jobs for 'python developer' in 'Seattle, WA'
2025-08-23 16:53:43,220 - INFO - Other sites: Found 10 jobs
2025-08-23 16:53:43,221 - INFO - Scraping jobs for 'python developer' in 'Austin, TX'
2025-08-23 16:53:43,785 - INFO - Other sites: Found 10 jobs
2025-08-23 16:53:43,786 - INFO - Scraping jobs for 'java developer' in 'Remote'
2025-08-23 16:53:47,505 - INFO - Other sites: Found 20 jobs
2025-08-23 16:53:47,505 - INFO - Scraping jobs for 'java developer' in 'San Francisco, CA'
2025-08-23 16:53:48,679 - INFO - Other sites: Found 10 jobs
2025-08-23 16:53:48,680 - INFO - Scraping jobs for 'java developer' in 'New York, NY'
2025-08-23 16:53:49,279 - INFO - Other sites: Found 10 jobs
2025-08-23 16:53:49,279 - INFO - Scraping jobs for 'java developer' in 'Seattle, WA'
2025-08-23 16:53:50,545 - INFO - Other sites: Found 10 jobs
2025-08-23 16:53:50,546 - INFO - Scraping jobs for 'java developer' in 'Austin, TX'
2025-08-23 16:53:51,277 - INFO - Other sites: Found 10 jobs
2025-08-23 16:53:51,278 - INFO - Scraping jobs for 'full stack developer' in 'Remote'
2025-08-23 16:53:54,629 - INFO - Other sites: Found 20 jobs
2025-08-23 16:53:54,629 - INFO - Scraping jobs for 'full stack developer' in 'San Francisco, CA'
2025-08-23 16:53:55,086 - INFO - Other sites: Found 10 jobs
2025-08-23 16:53:55,086 - INFO - Scraping jobs for 'full stack developer' in 'New York, NY'
2025-08-23 16:53:55,526 - INFO - Other sites: Found 10 jobs
2025-08-23 16:53:55,527 - INFO - Scraping jobs for 'full stack developer' in 'Seattle, WA'
2025-08-23 16:53:56,166 - INFO - Other sites: Found 10 jobs
2025-08-23 16:53:56,167 - INFO - Scraping jobs for 'full stack developer' in 'Austin, TX'
2025-08-23 16:53:56,758 - INFO - Other sites: Found 10 jobs
2025-08-23 16:53:56,758 - INFO - Scraping jobs for 'backend developer' in 'Remote'
2025-08-23 16:54:02,393 - INFO - Other sites: Found 20 jobs
2025-08-23 16:54:02,394 - INFO - Scraping jobs for 'backend developer' in 'San Francisco, CA'
2025-08-23 16:54:02,870 - INFO - Other sites: Found 10 jobs
2025-08-23 16:54:02,870 - INFO - Scraping jobs for 'backend developer' in 'New York, NY'
2025-08-23 16:54:03,356 - INFO - Other sites: Found 10 jobs
2025-08-23 16:54:03,357 - INFO - Scraping jobs for 'backend developer' in 'Seattle, WA'
2025-08-23 16:54:03,811 - INFO - Other sites: Found 10 jobs
2025-08-23 16:54:03,812 - INFO - Scraping jobs for 'backend developer' in 'Austin, TX'
2025-08-23 16:54:04,345 - INFO - Other sites: Found 7 jobs
2025-08-23 16:54:04,345 - INFO - Scraping jobs for 'frontend developer' in 'Remote'
2025-08-23 16:54:07,676 - INFO - Other sites: Found 20 jobs
2025-08-23 16:54:07,676 - INFO - Scraping jobs for 'frontend developer' in 'San Francisco, CA'
2025-08-23 16:54:08,680 - INFO - Other sites: Found 10 jobs
2025-08-23 16:54:08,680 - INFO - Scraping jobs for 'frontend developer' in 'New York, NY'
2025-08-23 16:54:09,084 - INFO - Other sites: Found 10 jobs
2025-08-23 16:54:09,085 - INFO - Scraping jobs for 'frontend developer' in 'Seattle, WA'
2025-08-23 16:54:09,466 - INFO - Other sites: Found 10 jobs
2025-08-23 16:54:09,466 - INFO - Scraping jobs for 'frontend developer' in 'Austin, TX'
2025-08-23 16:54:10,020 - INFO - Other sites: Found 4 jobs
2025-08-23 16:54:10,021 - INFO - Scraping jobs for 'site reliability engineer' in 'Remote'
2025-08-23 16:54:11,280 - INFO - Other sites: Found 4 jobs
2025-08-23 16:54:11,281 - INFO - Scraping jobs for 'site reliability engineer' in 'San Francisco, CA'
2025-08-23 16:54:11,823 - INFO - Other sites: Found 3 jobs
2025-08-23 16:54:11,823 - INFO - Scraping jobs for 'site reliability engineer' in 'New York, NY'
2025-08-23 16:54:12,332 - INFO - Other sites: Found 1 jobs
2025-08-23 16:54:12,333 - INFO - Scraping jobs for 'site reliability engineer' in 'Seattle, WA'
2025-08-23 16:54:12,917 - INFO - Other sites: Found 1 jobs
2025-08-23 16:54:12,917 - INFO - Scraping jobs for 'site reliability engineer' in 'Austin, TX'
2025-08-23 16:54:13,104 - INFO - Scraping jobs for 'devops engineer' in 'Remote'
2025-08-23 16:54:15,086 - INFO - Other sites: Found 13 jobs
2025-08-23 16:54:15,087 - INFO - Scraping jobs for 'devops engineer' in 'San Francisco, CA'
2025-08-23 16:54:16,147 - INFO - Other sites: Found 10 jobs
2025-08-23 16:54:16,147 - INFO - Scraping jobs for 'devops engineer' in 'New York, NY'
2025-08-23 16:54:16,675 - INFO - Other sites: Found 8 jobs
2025-08-23 16:54:16,675 - INFO - Scraping jobs for 'devops engineer' in 'Seattle, WA'
2025-08-23 16:54:17,092 - INFO - Other sites: Found 10 jobs
2025-08-23 16:54:17,092 - INFO - Scraping jobs for 'devops engineer' in 'Austin, TX'
2025-08-23 16:54:17,852 - INFO - Other sites: Found 8 jobs
2025-08-23 16:54:17,852 - INFO - Scraping jobs for 'cloud engineer' in 'Remote'
2025-08-23 16:54:23,851 - INFO - Other sites: Found 20 jobs
2025-08-23 16:54:23,851 - INFO - Scraping jobs for 'cloud engineer' in 'San Francisco, CA'
2025-08-23 16:54:25,140 - INFO - Other sites: Found 10 jobs
2025-08-23 16:54:25,140 - INFO - Scraping jobs for 'cloud engineer' in 'New York, NY'
2025-08-23 16:54:26,046 - INFO - Other sites: Found 10 jobs
2025-08-23 16:54:26,047 - INFO - Scraping jobs for 'cloud engineer' in 'Seattle, WA'
2025-08-23 16:54:27,156 - INFO - Other sites: Found 10 jobs
2025-08-23 16:54:27,157 - INFO - Scraping jobs for 'cloud engineer' in 'Austin, TX'
2025-08-23 16:54:28,442 - INFO - Other sites: Found 10 jobs
2025-08-23 16:54:28,446 - INFO - Total unique jobs found: 361
2025-08-23 16:54:28,579 - INFO - Jobs after filtering: 3
2025-08-23 16:54:30,651 - INFO - Email sent to pratapvarunmjk@gmail.com
2025-08-23 16:54:32,048 - INFO - Email sent to pratapvarunm@gmail.com
2025-08-23 16:54:34,202 - INFO - Email sent to hemanthtarun@gmail.com
2025-08-23 16:54:35,566 - INFO - Email sent to mannemtarun51@gmail.com
2025-08-23 16:54:36,955 - INFO - Email sent to contact.hemanth550@gmail.com
2025-08-23 16:54:37,004 - INFO - Job check completed. Sent notifications for 3 jobs
2025-08-23 16:56:28,959 - INFO - LinkedIn scraping completed: 15 jobs with quality scores
2025-08-23 16:56:28,989 - INFO -    Total jobs: 15
2025-08-23 16:56:28,989 - INFO -    Avg quality: 57.3/100
2025-08-23 16:56:28,989 - INFO -    Quality: 0 excellent, 9 good, 6 fair
2025-08-23 16:56:28,989 - INFO -    Top companies: TEKsystems, Golden Technology, Aegistech
2025-08-23 16:56:28,996 - INFO - Starting job scraping...
2025-08-23 16:56:28,999 - INFO - Scraping jobs for 'java developer' in 'Remote'
2025-08-23 16:56:37,773 - INFO - LinkedIn scraping completed: 15 jobs with quality scores
2025-08-23 16:56:37,783 - INFO - LinkedIn: Found 15 jobs
2025-08-23 16:56:37,789 - INFO - LinkedIn: 6 jobs after quality filtering
2025-08-23 16:56:45,434 - INFO - Other sites: Found 20 jobs
2025-08-23 16:56:45,435 - INFO - Total unique jobs found: 26
2025-08-23 16:56:45,440 - INFO -    Total jobs: 6
2025-08-23 16:56:45,440 - INFO -    Avg quality: 66.7/100
2025-08-23 16:56:45,440 - INFO -    Quality: 0 excellent, 6 good, 0 fair
2025-08-23 16:56:45,440 - INFO -    Top companies: TEKsystems, Golden Technology, Aegistech
